#
# A fatal error has been detected by the Java Runtime Environment:
#
#  SIGSEGV (0xb) at pc=0x00007f5173082ad8, pid=10819, tid=139987576796928
#
# JRE version: OpenJDK Runtime Environment (7.0_79-b14) (build 1.7.0_79-b14)
# Java VM: OpenJDK 64-Bit Server VM (24.79-b02 mixed mode linux-amd64 compressed oops)
# Derivative: IcedTea 2.5.6
# Distribution: Ubuntu 14.04 LTS, package 7u79-2.5.6-0ubuntu1.14.04.1
# Problematic frame:
# V  [libjvm.so+0x64bad8]  JNIHandles::checked_resolve_jmethod_id(_jmethodID*)+0x18
#
# Failed to write core dump. Core dumps have been disabled. To enable core dumping, try "ulimit -c unlimited" before starting Java again
#
# If you would like to submit a bug report, please include
# instructions on how to reproduce the bug and visit:
#   http://icedtea.classpath.org/bugzilla
#

---------------  T H R E A D  ---------------

Current thread (0x00007f516c0b3000):  JavaThread "JDWP Transport Listener: dt_socket" daemon [_thread_in_vm, id=10834, stack(0x00007f5165b9b000,0x00007f5165c9c000)]

siginfo:si_signo=SIGSEGV: si_errno=0, si_code=128 (), si_addr=0x0000000000000000

Registers:
RAX=0xfefefefefefefefe, RBX=0x00007f516c003bc0, RCX=0x00007f5173c6d320, RDX=0x0000000000000001
RSP=0x00007f5165c9a9b0, RBP=0x00007f5165c9a9c0, RSI=0x00007f516c0b3000, RDI=0x5343506e75532f6f
R8 =0x0000000000000000, R9 =0x00007f514c003f50, R10=0x00007f5165c9a9b0, R11=0x0000000000000000
R12=0x00007f5165c9aa97, R13=0x5343506e75532f6f, R14=0x00007f516c0b3000, R15=0x00007f5165c9a9e0
RIP=0x00007f5173082ad8, EFLAGS=0x0000000000010202, CSGSFS=0x0000000000000033, ERR=0x0000000000000000
  TRAPNO=0x000000000000000d

Top of Stack: (sp=0x00007f5165c9a9b0)
0x00007f5165c9a9b0:   00007f5165c9aa97 00007f516c003bc0
0x00007f5165c9a9c0:   00007f5165c9aa30 00007f5173077f23
0x00007f5165c9a9d0:   00007f517382086c 00007f51730c2886
0x00007f5165c9a9e0:   00007f516c0b3000 0000000000000000
0x00007f5165c9a9f0:   00007f5100000000 0000000000000000
0x00007f5165c9aa00:   00007f5165c9ab80 00007f5165c9aa97
0x00007f5165c9aa10:   00007f5171bcff00 5343506e75532f6f
0x00007f5165c9aa20:   00007f5165c9aa97 00007f5165c9aa9c
0x00007f5165c9aa30:   00007f5165c9aa60 00007f51719bbab9
0x00007f5165c9aa40:   00007f5165c9aa60 0000000000000003
0x00007f5165c9aa50:   00007f5165c9ab80 5343506e75532f6f
0x00007f5165c9aa60:   00007f5165c9aaf0 00007f517199c5f8
0x00007f5165c9aa70:   00007f5165c9aab0 00007f5165c9aab0
0x00007f5165c9aa80:   00007f5165c9aab8 00000001719a14c9
0x00007f5165c9aa90:   00007f5165c9ab50 0000000a00000004
0x00007f5165c9aaa0:   00007f514c0063f0 0000000000000000
0x00007f5165c9aab0:   0000000000000000 0000000000000000
0x00007f5165c9aac0:   00007f5165c9ab50 00000000000f0200
0x00007f5165c9aad0:   00007f5165c9ab50 0000000000000002
0x00007f5165c9aae0:   00007f5165c9ab80 00007f5171bcff00
0x00007f5165c9aaf0:   00007f5165c9ad40 00007f51719a6688
0x00007f5165c9ab00:   00001eec00000013 00007f514c0f0200
0x00007f5165c9ab10:   00007f5144000ba0 00007f517302a8cc
0x00007f5165c9ab20:   00007f516c0b5140 00007f514400080f
0x00007f5165c9ab30:   00001eec00000013 00007f514c0f0200
0x00007f5165c9ab40:   00007f5144000ba0 00007f516c0aa318
0x00007f5165c9ab50:   00007f5144000ba8 000000000000000b
0x00007f5165c9ab60:   00001eec00000013 00007f514c0f0200
0x00007f5165c9ab70:   00007f5144000ba0 00007f514c004070
0x00007f5165c9ab80:   00007f5165c9aca4 0000000000000058
0x00007f5165c9ab90:   00007f5165c9ab98 00007f51000000d4
0x00007f5165c9aba0:   00007f5165c9abd0 0000000000000000 

Instructions: (pc=0x00007f5173082ad8)
0x00007f5173082ab8:   0f 1f 84 00 00 00 00 00 48 85 ff 74 7b 55 48 b8
0x00007f5173082ac8:   fe fe fe fe fe fe fe fe 48 89 e5 53 48 83 ec 08
0x00007f5173082ad8:   48 8b 1f 48 39 c3 74 38 48 85 db 74 33 48 8d 05
0x00007f5173082ae8:   d7 3a 79 00 80 38 00 75 37 48 8b 53 08 48 8b 42 

Register to memory mapping:

RAX=0xfefefefefefefefe is an unknown value
RBX=0x00007f516c003bc0 is an unknown value
RCX=0x00007f5173c6d320: <offset 0x219320> in /lib/x86_64-linux-gnu/libpthread.so.0 at 0x00007f5173a54000
RDX=0x0000000000000001 is an unknown value
RSP=0x00007f5165c9a9b0 is pointing into the stack for thread: 0x00007f516c0b3000
RBP=0x00007f5165c9a9c0 is pointing into the stack for thread: 0x00007f516c0b3000
RSI=0x00007f516c0b3000 is a thread
RDI=0x5343506e75532f6f is an unknown value
R8 =0x0000000000000000 is an unknown value
R9 =0x00007f514c003f50 is an unknown value
R10=0x00007f5165c9a9b0 is pointing into the stack for thread: 0x00007f516c0b3000
R11=0x0000000000000000 is an unknown value
R12=0x00007f5165c9aa97 is pointing into the stack for thread: 0x00007f516c0b3000
R13=0x5343506e75532f6f is an unknown value
R14=0x00007f516c0b3000 is a thread
R15=0x00007f5165c9a9e0 is pointing into the stack for thread: 0x00007f516c0b3000


Stack: [0x00007f5165b9b000,0x00007f5165c9c000],  sp=0x00007f5165c9a9b0,  free space=1022k
Native frames: (J=compiled Java code, j=interpreted, Vv=VM code, C=native code)
V  [libjvm.so+0x64bad8]  JNIHandles::checked_resolve_jmethod_id(_jmethodID*)+0x18
V  [libjvm.so+0x640f23]  jvmti_IsMethodSynthetic+0x1f3
C  [libjdwp.so+0x26ab9]
C  [libjdwp.so+0x75f8]
C  [libjdwp.so+0x11688]
C  [libjdwp.so+0x23795]
V  [libjvm.so+0x6aa60b]  JvmtiAgentThread::start_function_wrapper(JavaThread*, Thread*)+0x9b
V  [libjvm.so+0x900f40]  JavaThread::thread_main_inner()+0xf0
V  [libjvm.so+0x9011b1]  JavaThread::run()+0x221
V  [libjvm.so+0x7c4f62]  java_start(Thread*)+0xf2


---------------  P R O C E S S  ---------------

Java Threads: ( => current thread )
  0x00007f516c0be000 JavaThread "Service Thread" daemon [_thread_blocked, id=10842, stack(0x00007f5165696000,0x00007f5165797000)]
  0x00007f516c0bb800 JavaThread "C2 CompilerThread1" daemon [_thread_blocked, id=10841, stack(0x00007f5165797000,0x00007f5165898000)]
  0x00007f516c0b9000 JavaThread "C2 CompilerThread0" daemon [_thread_blocked, id=10840, stack(0x00007f5165898000,0x00007f5165999000)]
  0x00007f514c001000 JavaThread "JDWP Command Reader" daemon [_thread_in_native, id=10838, stack(0x00007f5165999000,0x00007f5165a9a000)]
  0x00007f516c0b6800 JavaThread "JDWP Event Helper Thread" daemon [_thread_blocked, id=10836, stack(0x00007f5165a9a000,0x00007f5165b9b000)]
=>0x00007f516c0b3000 JavaThread "JDWP Transport Listener: dt_socket" daemon [_thread_in_vm, id=10834, stack(0x00007f5165b9b000,0x00007f5165c9c000)]
  0x00007f516c0a6000 JavaThread "Signal Dispatcher" daemon [_thread_blocked, id=10831, stack(0x00007f5165ea1000,0x00007f5165fa2000)]
  0x00007f516c07a000 JavaThread "Finalizer" daemon [_thread_blocked, id=10830, stack(0x00007f5165fa2000,0x00007f51660a3000)]
  0x00007f516c078000 JavaThread "Reference Handler" daemon [_thread_blocked, id=10829, stack(0x00007f51660a3000,0x00007f51661a4000)]
  0x00007f516c00c800 JavaThread "main" [_thread_blocked, id=10821, stack(0x00007f5174542000,0x00007f5174643000)]

Other Threads:
  0x00007f516c073800 VMThread [stack: 0x00007f51661a4000,0x00007f51662a5000] [id=10828]
  0x00007f516c0c8800 WatcherThread [stack: 0x00007f5165595000,0x00007f5165696000] [id=10843]

VM state:not at safepoint (normal execution)

VM Mutex/Monitor currently owned by a thread: None

Heap
 PSYoungGen      total 18432K, used 5089K [0x00000000ebe00000, 0x00000000ed280000, 0x0000000100000000)
  eden space 15872K, 16% used [0x00000000ebe00000,0x00000000ec07c4c8,0x00000000ecd80000)
  from space 2560K, 99% used [0x00000000ed000000,0x00000000ed27c010,0x00000000ed280000)
  to   space 2560K, 0% used [0x00000000ecd80000,0x00000000ecd80000,0x00000000ed000000)
 ParOldGen       total 40960K, used 3434K [0x00000000c3a00000, 0x00000000c6200000, 0x00000000ebe00000)
  object space 40960K, 8% used [0x00000000c3a00000,0x00000000c3d5aa88,0x00000000c6200000)
 PSPermGen       total 21504K, used 10573K [0x00000000b9400000, 0x00000000ba900000, 0x00000000c3a00000)
  object space 21504K, 49% used [0x00000000b9400000,0x00000000b9e536d8,0x00000000ba900000)

Card table byte_map: [0x00007f517084a000,0x00007f5170a81000] byte_map_base: 0x00007f5170280000

Polling page: 0x00007f5174668000

Code Cache  [0x00007f5169000000, 0x00007f5169270000, 0x00007f516c000000)
 total_blobs=467 nmethods=157 adapters=272 free_code_cache=48186Kb largest_free_block=49267072

Compilation events (10 events):
Event: 13,296 Thread 0x00007f516c0b9000 nmethod 160 0x00007f51690d5590 code [0x00007f51690d56c0, 0x00007f51690d5738]
Event: 13,575 Thread 0x00007f516c0b9000  161             com.sun.crypto.provider.CipherBlockChaining::encrypt (103 bytes)
Event: 13,610 Thread 0x00007f516c0b9000 nmethod 161 0x00007f51690d9c90 code [0x00007f51690d9e20, 0x00007f51690da688]
Event: 13,610 Thread 0x00007f516c0b9000  162             com.sun.org.apache.xerces.internal.dom.AttrImpl::getNodeName (16 bytes)
Event: 13,631 Thread 0x00007f516c0b9000 nmethod 162 0x00007f51690ce810 code [0x00007f51690ce9a0, 0x00007f51690cecd0]
Event: 13,631 Thread 0x00007f516c0b9000  163             java.lang.String::toString (2 bytes)
Event: 13,631 Thread 0x00007f516c0b9000 nmethod 163 0x00007f516907cc50 code [0x00007f516907cd80, 0x00007f516907cdd8]
Event: 14,016 Thread 0x00007f516c0b9000  164             com.sun.org.apache.xerces.internal.dom.DeferredDocumentImpl::setChunkValue (80 bytes)
Event: 14,024 Thread 0x00007f516c0b9000 nmethod 164 0x00007f51690d6210 code [0x00007f51690d63c0, 0x00007f51690d6958]
Event: 15,258 Thread 0x00007f516c0bb800 nmethod 159 0x00007f51690edd10 code [0x00007f51690ee800, 0x00007f51690f8898]

GC Heap History (4 events):
Event: 2,391 GC heap before
{Heap before GC invocations=1 (full 0):
 PSYoungGen      total 18432K, used 15872K [0x00000000ebe00000, 0x00000000ed280000, 0x0000000100000000)
  eden space 15872K, 100% used [0x00000000ebe00000,0x00000000ecd80000,0x00000000ecd80000)
  from space 2560K, 0% used [0x00000000ed000000,0x00000000ed000000,0x00000000ed280000)
  to   space 2560K, 0% used [0x00000000ecd80000,0x00000000ecd80000,0x00000000ed000000)
 ParOldGen       total 40960K, used 0K [0x00000000c3a00000, 0x00000000c6200000, 0x00000000ebe00000)
  object space 40960K, 0% used [0x00000000c3a00000,0x00000000c3a00000,0x00000000c6200000)
 PSPermGen       total 21504K, used 9746K [0x00000000b9400000, 0x00000000ba900000, 0x00000000c3a00000)
  object space 21504K, 45% used [0x00000000b9400000,0x00000000b9d849a0,0x00000000ba900000)
Event: 2,406 GC heap after
Heap after GC invocations=1 (full 0):
 PSYoungGen      total 18432K, used 2544K [0x00000000ebe00000, 0x00000000ed280000, 0x0000000100000000)
  eden space 15872K, 0% used [0x00000000ebe00000,0x00000000ebe00000,0x00000000ecd80000)
  from space 2560K, 99% used [0x00000000ecd80000,0x00000000ecffc010,0x00000000ed000000)
  to   space 2560K, 0% used [0x00000000ed000000,0x00000000ed000000,0x00000000ed280000)
 ParOldGen       total 40960K, used 1355K [0x00000000c3a00000, 0x00000000c6200000, 0x00000000ebe00000)
  object space 40960K, 3% used [0x00000000c3a00000,0x00000000c3b52e08,0x00000000c6200000)
 PSPermGen       total 21504K, used 9746K [0x00000000b9400000, 0x00000000ba900000, 0x00000000c3a00000)
  object space 21504K, 45% used [0x00000000b9400000,0x00000000b9d849a0,0x00000000ba900000)
}
Event: 12,746 GC heap before
{Heap before GC invocations=2 (full 0):
 PSYoungGen      total 18432K, used 18416K [0x00000000ebe00000, 0x00000000ed280000, 0x0000000100000000)
  eden space 15872K, 100% used [0x00000000ebe00000,0x00000000ecd80000,0x00000000ecd80000)
  from space 2560K, 99% used [0x00000000ecd80000,0x00000000ecffc010,0x00000000ed000000)
  to   space 2560K, 0% used [0x00000000ed000000,0x00000000ed000000,0x00000000ed280000)
 ParOldGen       total 40960K, used 1355K [0x00000000c3a00000, 0x00000000c6200000, 0x00000000ebe00000)
  object space 40960K, 3% used [0x00000000c3a00000,0x00000000c3b52e08,0x00000000c6200000)
 PSPermGen       total 21504K, used 10557K [0x00000000b9400000, 0x00000000ba900000, 0x00000000c3a00000)
  object space 21504K, 49% used [0x00000000b9400000,0x00000000b9e4f700,0x00000000ba900000)
Event: 12,771 GC heap after
Heap after GC invocations=2 (full 0):
 PSYoungGen      total 18432K, used 2544K [0x00000000ebe00000, 0x00000000ed280000, 0x0000000100000000)
  eden space 15872K, 0% used [0x00000000ebe00000,0x00000000ebe00000,0x00000000ecd80000)
  from space 2560K, 99% used [0x00000000ed000000,0x00000000ed27c010,0x00000000ed280000)
  to   space 2560K, 0% used [0x00000000ecd80000,0x00000000ecd80000,0x00000000ed000000)
 ParOldGen       total 40960K, used 3434K [0x00000000c3a00000, 0x00000000c6200000, 0x00000000ebe00000)
  object space 40960K, 8% used [0x00000000c3a00000,0x00000000c3d5aa88,0x00000000c6200000)
 PSPermGen       total 21504K, used 10557K [0x00000000b9400000, 0x00000000ba900000, 0x00000000c3a00000)
  object space 21504K, 49% used [0x00000000b9400000,0x00000000b9e4f700,0x00000000ba900000)
}

Deoptimization events (9 events):
Event: 1,071 Thread 0x00007f516c00c800 Uncommon trap: reason=unloaded action=reinterpret pc=0x00007f51690745e0 method=java.lang.CharacterData.of(I)Ljava/lang/CharacterData; @ 96
Event: 1,435 Thread 0x00007f516c00c800 Uncommon trap: reason=class_check action=maybe_recompile pc=0x00007f51690887b4 method=java.io.DataInputStream.readChar()C @ 4
Event: 1,435 Thread 0x00007f516c00c800 Uncommon trap: reason=class_check action=maybe_recompile pc=0x00007f51690887b4 method=java.io.DataInputStream.readChar()C @ 4
Event: 1,435 Thread 0x00007f516c00c800 Uncommon trap: reason=class_check action=maybe_recompile pc=0x00007f51690887b4 method=java.io.DataInputStream.readChar()C @ 4
Event: 1,435 Thread 0x00007f516c00c800 Uncommon trap: reason=class_check action=maybe_recompile pc=0x00007f51690887b4 method=java.io.DataInputStream.readChar()C @ 4
Event: 11,774 Thread 0x00007f516c00c800 Uncommon trap: reason=class_check action=maybe_recompile pc=0x00007f516906b180 method=java.lang.String.equals(Ljava/lang/Object;)Z @ 8
Event: 11,774 Thread 0x00007f516c00c800 Uncommon trap: reason=class_check action=maybe_recompile pc=0x00007f516906b180 method=java.lang.String.equals(Ljava/lang/Object;)Z @ 8
Event: 11,774 Thread 0x00007f516c00c800 Uncommon trap: reason=class_check action=maybe_recompile pc=0x00007f516906b180 method=java.lang.String.equals(Ljava/lang/Object;)Z @ 8
Event: 14,024 Thread 0x00007f516c00c800 Uncommon trap: reason=class_check action=maybe_recompile pc=0x00007f516906b180 method=java.lang.String.equals(Ljava/lang/Object;)Z @ 8

Internal exceptions (10 events):
Event: 2,419 Thread 0x00007f516c00c800 Threw 0x00000000ebe39518 at /build/openjdk-7-FO0dNI/openjdk-7-7u79-2.5.6/build/openjdk/hotspot/src/share/vm/prims/jvm.cpp:1284
Event: 2,420 Thread 0x00007f516c00c800 Threw 0x00000000ebe409d8 at /build/openjdk-7-FO0dNI/openjdk-7-7u79-2.5.6/build/openjdk/hotspot/src/share/vm/interpreter/linkResolver.cpp:981
Event: 2,421 Thread 0x00007f516c00c800 Threw 0x00000000ebe431c0 at /build/openjdk-7-FO0dNI/openjdk-7-7u79-2.5.6/build/openjdk/hotspot/src/share/vm/interpreter/linkResolver.cpp:981
Event: 2,422 Thread 0x00007f516c00c800 Threw 0x00000000ebe459a8 at /build/openjdk-7-FO0dNI/openjdk-7-7u79-2.5.6/build/openjdk/hotspot/src/share/vm/interpreter/linkResolver.cpp:981
Event: 2,423 Thread 0x00007f516c00c800 Threw 0x00000000ebe48190 at /build/openjdk-7-FO0dNI/openjdk-7-7u79-2.5.6/build/openjdk/hotspot/src/share/vm/interpreter/linkResolver.cpp:981
Event: 2,881 Thread 0x00007f516c00c800 Threw 0x00000000ebf5cdd0 at /build/openjdk-7-FO0dNI/openjdk-7-7u79-2.5.6/build/openjdk/hotspot/src/share/vm/prims/jvm.cpp:1284
Event: 2,882 Thread 0x00007f516c00c800 Threw 0x00000000ebf61d90 at /build/openjdk-7-FO0dNI/openjdk-7-7u79-2.5.6/build/openjdk/hotspot/src/share/vm/prims/jvm.cpp:1284
Event: 2,883 Thread 0x00007f516c00c800 Threw 0x00000000ebf65590 at /build/openjdk-7-FO0dNI/openjdk-7-7u79-2.5.6/build/openjdk/hotspot/src/share/vm/prims/jvm.cpp:1284
Event: 4,647 Thread 0x00007f516c00c800 Threw 0x00000000ec214500 at /build/openjdk-7-FO0dNI/openjdk-7-7u79-2.5.6/build/openjdk/hotspot/src/share/vm/prims/jvm.cpp:1284
Event: 4,648 Thread 0x00007f516c00c800 Threw 0x00000000ec216a88 at /build/openjdk-7-FO0dNI/openjdk-7-7u79-2.5.6/build/openjdk/hotspot/src/share/vm/prims/jvm.cpp:1284

Events (10 events):
Event: 1525,074 Executing VM operation: GetOrSetLocal
Event: 1525,075 Executing VM operation: GetOrSetLocal done
Event: 1525,075 Executing VM operation: GetOrSetLocal
Event: 1525,075 Executing VM operation: GetOrSetLocal done
Event: 1525,088 Executing VM operation: GetOrSetLocal
Event: 1525,088 Executing VM operation: GetOrSetLocal done
Event: 1525,089 Executing VM operation: GetOrSetLocal
Event: 1525,089 Executing VM operation: GetOrSetLocal done
Event: 2221,518 Executing VM operation: RedefineClasses
Event: 2221,520 Executing VM operation: RedefineClasses done


Dynamic libraries:
00400000-00401000 r-xp 00000000 08:01 2099770                            /usr/lib/jvm/java-7-openjdk-amd64/jre/bin/java
00600000-00601000 r--p 00000000 08:01 2099770                            /usr/lib/jvm/java-7-openjdk-amd64/jre/bin/java
00601000-00602000 rw-p 00001000 08:01 2099770                            /usr/lib/jvm/java-7-openjdk-amd64/jre/bin/java
01144000-01165000 rw-p 00000000 00:00 0                                  [heap]
b9400000-ba900000 rw-p 00000000 00:00 0 
ba900000-c3a00000 rw-p 00000000 00:00 0 
c3a00000-c6200000 rw-p 00000000 00:00 0 
c6200000-ebe00000 rw-p 00000000 00:00 0 
ebe00000-ed280000 rw-p 00000000 00:00 0 
ed280000-100000000 rw-p 00000000 00:00 0 
7f5128000000-7f5128021000 rw-p 00000000 00:00 0 
7f5128021000-7f512c000000 ---p 00000000 00:00 0 
7f512e341000-7f512e351000 r-xp 00000000 08:01 2099725                    /usr/lib/jvm/java-7-openjdk-amd64/jre/lib/amd64/libnio.so
7f512e351000-7f512e551000 ---p 00010000 08:01 2099725                    /usr/lib/jvm/java-7-openjdk-amd64/jre/lib/amd64/libnio.so
7f512e551000-7f512e552000 r--p 00010000 08:01 2099725                    /usr/lib/jvm/java-7-openjdk-amd64/jre/lib/amd64/libnio.so
7f512e552000-7f512e553000 rw-p 00011000 08:01 2099725                    /usr/lib/jvm/java-7-openjdk-amd64/jre/lib/amd64/libnio.so
7f512e553000-7f512e556000 ---p 00000000 00:00 0 
7f512e556000-7f512e654000 rw-p 00000000 00:00 0 
7f512e654000-7f512e659000 r-xp 00000000 08:01 2753504                    /lib/x86_64-linux-gnu/libnss_dns-2.19.so
7f512e659000-7f512e858000 ---p 00005000 08:01 2753504                    /lib/x86_64-linux-gnu/libnss_dns-2.19.so
7f512e858000-7f512e859000 r--p 00004000 08:01 2753504                    /lib/x86_64-linux-gnu/libnss_dns-2.19.so
7f512e859000-7f512e85a000 rw-p 00005000 08:01 2753504                    /lib/x86_64-linux-gnu/libnss_dns-2.19.so
7f512e85a000-7f512e85c000 r-xp 00000000 08:01 2756855                    /lib/x86_64-linux-gnu/libnss_mdns4_minimal.so.2
7f512e85c000-7f512ea5b000 ---p 00002000 08:01 2756855                    /lib/x86_64-linux-gnu/libnss_mdns4_minimal.so.2
7f512ea5b000-7f512ea5c000 r--p 00001000 08:01 2756855                    /lib/x86_64-linux-gnu/libnss_mdns4_minimal.so.2
7f512ea5c000-7f512ea5d000 rw-p 00002000 08:01 2756855                    /lib/x86_64-linux-gnu/libnss_mdns4_minimal.so.2
7f512ea5d000-7f512ea9a000 r-xp 00000000 08:01 2757761                    /lib/x86_64-linux-gnu/libpcre.so.3.13.1
7f512ea9a000-7f512ec99000 ---p 0003d000 08:01 2757761                    /lib/x86_64-linux-gnu/libpcre.so.3.13.1
7f512ec99000-7f512ec9a000 r--p 0003c000 08:01 2757761                    /lib/x86_64-linux-gnu/libpcre.so.3.13.1
7f512ec9a000-7f512ec9b000 rw-p 0003d000 08:01 2757761                    /lib/x86_64-linux-gnu/libpcre.so.3.13.1
7f512ec9b000-7f512eca2000 r-xp 00000000 08:01 1975331                    /usr/lib/x86_64-linux-gnu/libffi.so.6.0.1
7f512eca2000-7f512eea1000 ---p 00007000 08:01 1975331                    /usr/lib/x86_64-linux-gnu/libffi.so.6.0.1
7f512eea1000-7f512eea2000 r--p 00006000 08:01 1975331                    /usr/lib/x86_64-linux-gnu/libffi.so.6.0.1
7f512eea2000-7f512eea3000 rw-p 00007000 08:01 1975331                    /usr/lib/x86_64-linux-gnu/libffi.so.6.0.1
7f512eea3000-7f512eeba000 r-xp 00000000 08:01 2752541                    /lib/x86_64-linux-gnu/libresolv-2.19.so
7f512eeba000-7f512f0ba000 ---p 00017000 08:01 2752541                    /lib/x86_64-linux-gnu/libresolv-2.19.so
7f512f0ba000-7f512f0bb000 r--p 00017000 08:01 2752541                    /lib/x86_64-linux-gnu/libresolv-2.19.so
7f512f0bb000-7f512f0bc000 rw-p 00018000 08:01 2752541                    /lib/x86_64-linux-gnu/libresolv-2.19.so
7f512f0bc000-7f512f0be000 rw-p 00000000 00:00 0 
7f512f0be000-7f512f0de000 r-xp 00000000 08:01 2756904                    /lib/x86_64-linux-gnu/libselinux.so.1
7f512f0de000-7f512f2dd000 ---p 00020000 08:01 2756904                    /lib/x86_64-linux-gnu/libselinux.so.1
7f512f2dd000-7f512f2de000 r--p 0001f000 08:01 2756904                    /lib/x86_64-linux-gnu/libselinux.so.1
7f512f2de000-7f512f2df000 rw-p 00020000 08:01 2756904                    /lib/x86_64-linux-gnu/libselinux.so.1
7f512f2df000-7f512f2e1000 rw-p 00000000 00:00 0 
7f512f2e1000-7f512f2e4000 r-xp 00000000 08:01 1975465                    /usr/lib/x86_64-linux-gnu/libgmodule-2.0.so.0.4002.0
7f512f2e4000-7f512f4e3000 ---p 00003000 08:01 1975465                    /usr/lib/x86_64-linux-gnu/libgmodule-2.0.so.0.4002.0
7f512f4e3000-7f512f4e4000 r--p 00002000 08:01 1975465                    /usr/lib/x86_64-linux-gnu/libgmodule-2.0.so.0.4002.0
7f512f4e4000-7f512f4e5000 rw-p 00003000 08:01 1975465                    /usr/lib/x86_64-linux-gnu/libgmodule-2.0.so.0.4002.0
7f512f4e5000-7f512f5eb000 r-xp 00000000 08:01 2756804                    /lib/x86_64-linux-gnu/libglib-2.0.so.0.4002.0
7f512f5eb000-7f512f7ea000 ---p 00106000 08:01 2756804                    /lib/x86_64-linux-gnu/libglib-2.0.so.0.4002.0
7f512f7ea000-7f512f7eb000 r--p 00105000 08:01 2756804                    /lib/x86_64-linux-gnu/libglib-2.0.so.0.4002.0
7f512f7eb000-7f512f7ec000 rw-p 00106000 08:01 2756804                    /lib/x86_64-linux-gnu/libglib-2.0.so.0.4002.0
7f512f7ec000-7f512f7ed000 rw-p 00000000 00:00 0 
7f512f7ed000-7f512f83c000 r-xp 00000000 08:01 1975489                    /usr/lib/x86_64-linux-gnu/libgobject-2.0.so.0.4002.0
7f512f83c000-7f512fa3c000 ---p 0004f000 08:01 1975489                    /usr/lib/x86_64-linux-gnu/libgobject-2.0.so.0.4002.0
7f512fa3c000-7f512fa3d000 r--p 0004f000 08:01 1975489                    /usr/lib/x86_64-linux-gnu/libgobject-2.0.so.0.4002.0
7f512fa3d000-7f512fa3e000 rw-p 00050000 08:01 1975489                    /usr/lib/x86_64-linux-gnu/libgobject-2.0.so.0.4002.0
7f512fa3e000-7f512fbaa000 r-xp 00000000 08:01 1975449                    /usr/lib/x86_64-linux-gnu/libgio-2.0.so.0.4002.0
7f512fbaa000-7f512fda9000 ---p 0016c000 08:01 1975449                    /usr/lib/x86_64-linux-gnu/libgio-2.0.so.0.4002.0
7f512fda9000-7f512fdad000 r--p 0016b000 08:01 1975449                    /usr/lib/x86_64-linux-gnu/libgio-2.0.so.0.4002.0
7f512fdad000-7f512fdaf000 rw-p 0016f000 08:01 1975449                    /usr/lib/x86_64-linux-gnu/libgio-2.0.so.0.4002.0
7f512fdaf000-7f512fdb1000 rw-p 00000000 00:00 0 
7f512fdb1000-7f512fdc8000 r-xp 00000000 08:01 2099720                    /usr/lib/jvm/java-7-openjdk-amd64/jre/lib/amd64/libnet.so
7f512fdc8000-7f512ffc7000 ---p 00017000 08:01 2099720                    /usr/lib/jvm/java-7-openjdk-amd64/jre/lib/amd64/libnet.so
7f512ffc7000-7f512ffc8000 r--p 00016000 08:01 2099720                    /usr/lib/jvm/java-7-openjdk-amd64/jre/lib/amd64/libnet.so
7f512ffc8000-7f512ffc9000 rw-p 00017000 08:01 2099720                    /usr/lib/jvm/java-7-openjdk-amd64/jre/lib/amd64/libnet.so
7f5130000000-7f5130021000 rw-p 00000000 00:00 0 
7f5130021000-7f5134000000 ---p 00000000 00:00 0 
7f5134000000-7f5134021000 rw-p 00000000 00:00 0 
7f5134021000-7f5138000000 ---p 00000000 00:00 0 
7f5138000000-7f513850a000 rw-p 00000000 00:00 0 
7f513850a000-7f513c000000 ---p 00000000 00:00 0 
7f513c000000-7f513d79a000 rw-p 00000000 00:00 0 
7f513d79a000-7f5140000000 ---p 00000000 00:00 0 
7f5140000000-7f5140021000 rw-p 00000000 00:00 0 
7f5140021000-7f5144000000 ---p 00000000 00:00 0 
7f5144000000-7f5144021000 rw-p 00000000 00:00 0 
7f5144021000-7f5148000000 ---p 00000000 00:00 0 
7f5148000000-7f5148021000 rw-p 00000000 00:00 0 
7f5148021000-7f514c000000 ---p 00000000 00:00 0 
7f514c000000-7f514c246000 rw-p 00000000 00:00 0 
7f514c246000-7f5150000000 ---p 00000000 00:00 0 
7f5150000000-7f5150021000 rw-p 00000000 00:00 0 
7f5150021000-7f5154000000 ---p 00000000 00:00 0 
7f5154000000-7f5154021000 rw-p 00000000 00:00 0 
7f5154021000-7f5158000000 ---p 00000000 00:00 0 
7f5158000000-7f5158021000 rw-p 00000000 00:00 0 
7f5158021000-7f515c000000 ---p 00000000 00:00 0 
7f515c000000-7f515c021000 rw-p 00000000 00:00 0 
7f515c021000-7f5160000000 ---p 00000000 00:00 0 
7f5160000000-7f5160021000 rw-p 00000000 00:00 0 
7f5160021000-7f5164000000 ---p 00000000 00:00 0 
7f516401e000-7f5164096000 r-xp 00000000 08:01 2370557                    /usr/lib/x86_64-linux-gnu/nss/libfreebl3.so
7f5164096000-7f5164295000 ---p 00078000 08:01 2370557                    /usr/lib/x86_64-linux-gnu/nss/libfreebl3.so
7f5164295000-7f5164297000 r--p 00077000 08:01 2370557                    /usr/lib/x86_64-linux-gnu/nss/libfreebl3.so
7f5164297000-7f5164298000 rw-p 00079000 08:01 2370557                    /usr/lib/x86_64-linux-gnu/nss/libfreebl3.so
7f5164298000-7f516429c000 rw-p 00000000 00:00 0 
7f516429c000-7f5164350000 r-xp 00000000 08:01 1966408                    /usr/lib/x86_64-linux-gnu/libsqlite3.so.0.8.6
7f5164350000-7f5164550000 ---p 000b4000 08:01 1966408                    /usr/lib/x86_64-linux-gnu/libsqlite3.so.0.8.6
7f5164550000-7f5164552000 r--p 000b4000 08:01 1966408                    /usr/lib/x86_64-linux-gnu/libsqlite3.so.0.8.6
7f5164552000-7f5164554000 rw-p 000b6000 08:01 1966408                    /usr/lib/x86_64-linux-gnu/libsqlite3.so.0.8.6
7f5164554000-7f5164555000 rw-p 00000000 00:00 0 
7f5164555000-7f5164595000 r-xp 00000000 08:01 2370696                    /usr/lib/x86_64-linux-gnu/nss/libsoftokn3.so
7f5164595000-7f5164795000 ---p 00040000 08:01 2370696                    /usr/lib/x86_64-linux-gnu/nss/libsoftokn3.so
7f5164795000-7f5164796000 r--p 00040000 08:01 2370696                    /usr/lib/x86_64-linux-gnu/nss/libsoftokn3.so
7f5164796000-7f5164797000 rw-p 00041000 08:01 2370696                    /usr/lib/x86_64-linux-gnu/nss/libsoftokn3.so
7f5164797000-7f51647cf000 r-xp 00000000 08:01 1975820                    /usr/lib/x86_64-linux-gnu/libnspr4.so
7f51647cf000-7f51649cf000 ---p 00038000 08:01 1975820                    /usr/lib/x86_64-linux-gnu/libnspr4.so
7f51649cf000-7f51649d0000 r--p 00038000 08:01 1975820                    /usr/lib/x86_64-linux-gnu/libnspr4.so
7f51649d0000-7f51649d1000 rw-p 00039000 08:01 1975820                    /usr/lib/x86_64-linux-gnu/libnspr4.so
7f51649d1000-7f51649d4000 rw-p 00000000 00:00 0 
7f51649d4000-7f51649d7000 r-xp 00000000 08:01 1975906                    /usr/lib/x86_64-linux-gnu/libplds4.so
7f51649d7000-7f5164bd6000 ---p 00003000 08:01 1975906                    /usr/lib/x86_64-linux-gnu/libplds4.so
7f5164bd6000-7f5164bd7000 r--p 00002000 08:01 1975906                    /usr/lib/x86_64-linux-gnu/libplds4.so
7f5164bd7000-7f5164bd8000 rw-p 00003000 08:01 1975906                    /usr/lib/x86_64-linux-gnu/libplds4.so
7f5164bd8000-7f5164bdc000 r-xp 00000000 08:01 1975905                    /usr/lib/x86_64-linux-gnu/libplc4.so
7f5164bdc000-7f5164ddb000 ---p 00004000 08:01 1975905                    /usr/lib/x86_64-linux-gnu/libplc4.so
7f5164ddb000-7f5164ddc000 r--p 00003000 08:01 1975905                    /usr/lib/x86_64-linux-gnu/libplc4.so
7f5164ddc000-7f5164ddd000 rw-p 00004000 08:01 1975905                    /usr/lib/x86_64-linux-gnu/libplc4.so
7f5164ddd000-7f5164e02000 r-xp 00000000 08:01 1967123                    /usr/lib/x86_64-linux-gnu/libnssutil3.so
7f5164e02000-7f5165001000 ---p 00025000 08:01 1967123                    /usr/lib/x86_64-linux-gnu/libnssutil3.so
7f5165001000-7f5165007000 r--p 00024000 08:01 1967123                    /usr/lib/x86_64-linux-gnu/libnssutil3.so
7f5165007000-7f5165008000 rw-p 0002a000 08:01 1967123                    /usr/lib/x86_64-linux-gnu/libnssutil3.so
7f5165008000-7f516513b000 r-xp 00000000 08:01 1967543                    /usr/lib/x86_64-linux-gnu/libnss3.so
7f516513b000-7f516533a000 ---p 00133000 08:01 1967543                    /usr/lib/x86_64-linux-gnu/libnss3.so
7f516533a000-7f516533f000 r--p 00132000 08:01 1967543                    /usr/lib/x86_64-linux-gnu/libnss3.so
7f516533f000-7f5165341000 rw-p 00137000 08:01 1967543                    /usr/lib/x86_64-linux-gnu/libnss3.so
7f5165341000-7f5165342000 rw-p 00000000 00:00 0 
7f5165363000-7f5165373000 r-xp 00000000 08:01 2099713                    /usr/lib/jvm/java-7-openjdk-amd64/jre/lib/amd64/libj2pkcs11.so
7f5165373000-7f5165572000 ---p 00010000 08:01 2099713                    /usr/lib/jvm/java-7-openjdk-amd64/jre/lib/amd64/libj2pkcs11.so
7f5165572000-7f5165573000 r--p 0000f000 08:01 2099713                    /usr/lib/jvm/java-7-openjdk-amd64/jre/lib/amd64/libj2pkcs11.so
7f5165573000-7f5165574000 rw-p 00010000 08:01 2099713                    /usr/lib/jvm/java-7-openjdk-amd64/jre/lib/amd64/libj2pkcs11.so
7f5165574000-7f5165577000 r--s 00017000 08:01 2099527                    /usr/lib/jvm/java-7-openjdk-amd64/jre/lib/jce.jar
7f5165577000-7f5165581000 r--s 000ae000 08:01 2099515                    /usr/lib/jvm/java-7-openjdk-amd64/jre/lib/resources.jar
7f5165581000-7f5165595000 r--s 00173000 08:02 2369578                    /home/matteo/.m2/repository/org/apache/axis/axis/1.4/axis-1.4.jar
7f5165595000-7f5165596000 ---p 00000000 00:00 0 
7f5165596000-7f5165696000 rw-p 00000000 00:00 0                          [stack:10843]
7f5165696000-7f5165699000 ---p 00000000 00:00 0 
7f5165699000-7f5165797000 rw-p 00000000 00:00 0                          [stack:10842]
7f5165797000-7f516579a000 ---p 00000000 00:00 0 
7f516579a000-7f5165898000 rw-p 00000000 00:00 0                          [stack:10841]
7f5165898000-7f516589b000 ---p 00000000 00:00 0 
7f516589b000-7f5165999000 rw-p 00000000 00:00 0                          [stack:10840]
7f5165999000-7f516599c000 ---p 00000000 00:00 0 
7f516599c000-7f5165a9a000 rw-p 00000000 00:00 0                          [stack:10838]
7f5165a9a000-7f5165a9d000 ---p 00000000 00:00 0 
7f5165a9d000-7f5165b9b000 rw-p 00000000 00:00 0                          [stack:10836]
7f5165b9b000-7f5165b9e000 ---p 00000000 00:00 0 
7f5165b9e000-7f5165c9c000 rw-p 00000000 00:00 0                          [stack:10834]
7f5165c9c000-7f5165ca0000 r-xp 00000000 08:01 2099723                    /usr/lib/jvm/java-7-openjdk-amd64/jre/lib/amd64/libdt_socket.so
7f5165ca0000-7f5165e9f000 ---p 00004000 08:01 2099723                    /usr/lib/jvm/java-7-openjdk-amd64/jre/lib/amd64/libdt_socket.so
7f5165e9f000-7f5165ea0000 r--p 00003000 08:01 2099723                    /usr/lib/jvm/java-7-openjdk-amd64/jre/lib/amd64/libdt_socket.so
7f5165ea0000-7f5165ea1000 rw-p 00004000 08:01 2099723                    /usr/lib/jvm/java-7-openjdk-amd64/jre/lib/amd64/libdt_socket.so
7f5165ea1000-7f5165ea4000 ---p 00000000 00:00 0 
7f5165ea4000-7f5165fa2000 rw-p 00000000 00:00 0                          [stack:10831]
7f5165fa2000-7f5165fa5000 ---p 00000000 00:00 0 
7f5165fa5000-7f51660a3000 rw-p 00000000 00:00 0                          [stack:10830]
7f51660a3000-7f51660a6000 ---p 00000000 00:00 0 
7f51660a6000-7f51661a4000 rw-p 00000000 00:00 0                          [stack:10829]
7f51661a4000-7f51661a5000 ---p 00000000 00:00 0 
7f51661a5000-7f5166aef000 rw-p 00000000 00:00 0                          [stack:10828]
7f5166aef000-7f5166ca0000 r--s 01d29000 08:01 2098698                    /usr/lib/jvm/java-7-openjdk-amd64/jre/lib/rt.jar
7f5166ca0000-7f5169000000 rw-p 00000000 00:00 0 
7f5169000000-7f5169270000 rwxp 00000000 00:00 0 
7f5169270000-7f516c49c000 rw-p 00000000 00:00 0 
7f516c49c000-7f5170000000 ---p 00000000 00:00 0 
7f5170001000-7f5170006000 r--s 0004d000 08:01 2099519                    /usr/lib/jvm/java-7-openjdk-amd64/jre/lib/jsse.jar
7f5170006000-7f517000f000 r--s 0006f000 08:02 2622328                    /home/matteo/.m2/repository/log4j/log4j/1.2.17/log4j-1.2.17.jar
7f517000f000-7f5170013000 r--s 00013000 08:02 2369575                    /home/matteo/.m2/repository/org/scribe/scribe/1.3.5/scribe-1.3.5.jar
7f5170013000-7f5170019000 r--s 00042000 08:02 2625789                    /home/matteo/.m2/repository/com/flickr4java/flickr4java/2.13/flickr4java-2.13.jar
7f5170019000-7f51704b3000 rw-p 00000000 00:00 0 
7f51704b3000-7f51704b4000 ---p 00000000 00:00 0 
7f51704b4000-7f51705b4000 rw-p 00000000 00:00 0                          [stack:10826]
7f51705b4000-7f51705b5000 ---p 00000000 00:00 0 
7f51705b5000-7f51706c0000 rw-p 00000000 00:00 0                          [stack:10825]
7f51706c0000-7f5170708000 rw-p 00000000 00:00 0 
7f5170708000-7f517071c000 rw-p 00000000 00:00 0 
7f517071c000-7f517084a000 rw-p 00000000 00:00 0 
7f517084a000-7f5170855000 rw-p 00000000 00:00 0 
7f5170855000-7f517089d000 rw-p 00000000 00:00 0 
7f517089d000-7f51708b1000 rw-p 00000000 00:00 0 
7f51708b1000-7f51709df000 rw-p 00000000 00:00 0 
7f51709df000-7f51709ea000 rw-p 00000000 00:00 0 
7f51709ea000-7f5170a80000 rw-p 00000000 00:00 0 
7f5170a80000-7f5170a81000 rw-p 00000000 00:00 0 
7f5170a81000-7f5170a89000 r-xp 00000000 08:01 2099694                    /usr/lib/jvm/java-7-openjdk-amd64/jre/lib/amd64/libzip.so
7f5170a89000-7f5170c88000 ---p 00008000 08:01 2099694                    /usr/lib/jvm/java-7-openjdk-amd64/jre/lib/amd64/libzip.so
7f5170c88000-7f5170c89000 r--p 00007000 08:01 2099694                    /usr/lib/jvm/java-7-openjdk-amd64/jre/lib/amd64/libzip.so
7f5170c89000-7f5170c8a000 rw-p 00008000 08:01 2099694                    /usr/lib/jvm/java-7-openjdk-amd64/jre/lib/amd64/libzip.so
7f5170c8a000-7f5170c95000 r-xp 00000000 08:01 2753502                    /lib/x86_64-linux-gnu/libnss_files-2.19.so
7f5170c95000-7f5170e94000 ---p 0000b000 08:01 2753502                    /lib/x86_64-linux-gnu/libnss_files-2.19.so
7f5170e94000-7f5170e95000 r--p 0000a000 08:01 2753502                    /lib/x86_64-linux-gnu/libnss_files-2.19.so
7f5170e95000-7f5170e96000 rw-p 0000b000 08:01 2753502                    /lib/x86_64-linux-gnu/libnss_files-2.19.so
7f5170e96000-7f5170ea1000 r-xp 00000000 08:01 2753566                    /lib/x86_64-linux-gnu/libnss_nis-2.19.so
7f5170ea1000-7f51710a0000 ---p 0000b000 08:01 2753566                    /lib/x86_64-linux-gnu/libnss_nis-2.19.so
7f51710a0000-7f51710a1000 r--p 0000a000 08:01 2753566                    /lib/x86_64-linux-gnu/libnss_nis-2.19.so
7f51710a1000-7f51710a2000 rw-p 0000b000 08:01 2753566                    /lib/x86_64-linux-gnu/libnss_nis-2.19.so
7f51710a2000-7f51710b9000 r-xp 00000000 08:01 2753524                    /lib/x86_64-linux-gnu/libnsl-2.19.so
7f51710b9000-7f51712b8000 ---p 00017000 08:01 2753524                    /lib/x86_64-linux-gnu/libnsl-2.19.so
7f51712b8000-7f51712b9000 r--p 00016000 08:01 2753524                    /lib/x86_64-linux-gnu/libnsl-2.19.so
7f51712b9000-7f51712ba000 rw-p 00017000 08:01 2753524                    /lib/x86_64-linux-gnu/libnsl-2.19.so
7f51712ba000-7f51712bc000 rw-p 00000000 00:00 0 
7f51712bc000-7f51712c5000 r-xp 00000000 08:01 2753523                    /lib/x86_64-linux-gnu/libnss_compat-2.19.so
7f51712c5000-7f51714c4000 ---p 00009000 08:01 2753523                    /lib/x86_64-linux-gnu/libnss_compat-2.19.so
7f51714c4000-7f51714c5000 r--p 00008000 08:01 2753523                    /lib/x86_64-linux-gnu/libnss_compat-2.19.so
7f51714c5000-7f51714c6000 rw-p 00009000 08:01 2753523                    /lib/x86_64-linux-gnu/libnss_compat-2.19.so
7f51714c6000-7f5171791000 r--p 00000000 08:01 1973365                    /usr/lib/locale/locale-archive
7f5171791000-7f5171794000 r-xp 00000000 08:01 2099712                    /usr/lib/jvm/java-7-openjdk-amd64/jre/lib/amd64/libnpt.so
7f5171794000-7f5171993000 ---p 00003000 08:01 2099712                    /usr/lib/jvm/java-7-openjdk-amd64/jre/lib/amd64/libnpt.so
7f5171993000-7f5171994000 r--p 00002000 08:01 2099712                    /usr/lib/jvm/java-7-openjdk-amd64/jre/lib/amd64/libnpt.so
7f5171994000-7f5171995000 rw-p 00003000 08:01 2099712                    /usr/lib/jvm/java-7-openjdk-amd64/jre/lib/amd64/libnpt.so
7f5171995000-7f51719cf000 r-xp 00000000 08:01 2099709                    /usr/lib/jvm/java-7-openjdk-amd64/jre/lib/amd64/libjdwp.so
7f51719cf000-7f5171bce000 ---p 0003a000 08:01 2099709                    /usr/lib/jvm/java-7-openjdk-amd64/jre/lib/amd64/libjdwp.so
7f5171bce000-7f5171bcf000 r--p 00039000 08:01 2099709                    /usr/lib/jvm/java-7-openjdk-amd64/jre/lib/amd64/libjdwp.so
7f5171bcf000-7f5171bd0000 rw-p 0003a000 08:01 2099709                    /usr/lib/jvm/java-7-openjdk-amd64/jre/lib/amd64/libjdwp.so
7f5171bd0000-7f5171bfb000 r-xp 00000000 08:01 2099728                    /usr/lib/jvm/java-7-openjdk-amd64/jre/lib/amd64/libjava.so
7f5171bfb000-7f5171dfa000 ---p 0002b000 08:01 2099728                    /usr/lib/jvm/java-7-openjdk-amd64/jre/lib/amd64/libjava.so
7f5171dfa000-7f5171dfb000 r--p 0002a000 08:01 2099728                    /usr/lib/jvm/java-7-openjdk-amd64/jre/lib/amd64/libjava.so
7f5171dfb000-7f5171dfd000 rw-p 0002b000 08:01 2099728                    /usr/lib/jvm/java-7-openjdk-amd64/jre/lib/amd64/libjava.so
7f5171dfd000-7f5171e0d000 r-xp 00000000 08:01 2099710                    /usr/lib/jvm/java-7-openjdk-amd64/jre/lib/amd64/libverify.so
7f5171e0d000-7f517200c000 ---p 00010000 08:01 2099710                    /usr/lib/jvm/java-7-openjdk-amd64/jre/lib/amd64/libverify.so
7f517200c000-7f517200e000 r--p 0000f000 08:01 2099710                    /usr/lib/jvm/java-7-openjdk-amd64/jre/lib/amd64/libverify.so
7f517200e000-7f517200f000 rw-p 00011000 08:01 2099710                    /usr/lib/jvm/java-7-openjdk-amd64/jre/lib/amd64/libverify.so
7f517200f000-7f5172016000 r-xp 00000000 08:01 2753563                    /lib/x86_64-linux-gnu/librt-2.19.so
7f5172016000-7f5172215000 ---p 00007000 08:01 2753563                    /lib/x86_64-linux-gnu/librt-2.19.so
7f5172215000-7f5172216000 r--p 00006000 08:01 2753563                    /lib/x86_64-linux-gnu/librt-2.19.so
7f5172216000-7f5172217000 rw-p 00007000 08:01 2753563                    /lib/x86_64-linux-gnu/librt-2.19.so
7f5172217000-7f517222d000 r-xp 00000000 08:01 2756800                    /lib/x86_64-linux-gnu/libgcc_s.so.1
7f517222d000-7f517242c000 ---p 00016000 08:01 2756800                    /lib/x86_64-linux-gnu/libgcc_s.so.1
7f517242c000-7f517242d000 rw-p 00015000 08:01 2756800                    /lib/x86_64-linux-gnu/libgcc_s.so.1
7f517242d000-7f5172532000 r-xp 00000000 08:01 2753501                    /lib/x86_64-linux-gnu/libm-2.19.so
7f5172532000-7f5172731000 ---p 00105000 08:01 2753501                    /lib/x86_64-linux-gnu/libm-2.19.so
7f5172731000-7f5172732000 r--p 00104000 08:01 2753501                    /lib/x86_64-linux-gnu/libm-2.19.so
7f5172732000-7f5172733000 rw-p 00105000 08:01 2753501                    /lib/x86_64-linux-gnu/libm-2.19.so
7f5172733000-7f5172819000 r-xp 00000000 08:01 1971410                    /usr/lib/x86_64-linux-gnu/libstdc++.so.6.0.19
7f5172819000-7f5172a18000 ---p 000e6000 08:01 1971410                    /usr/lib/x86_64-linux-gnu/libstdc++.so.6.0.19
7f5172a18000-7f5172a20000 r--p 000e5000 08:01 1971410                    /usr/lib/x86_64-linux-gnu/libstdc++.so.6.0.19
7f5172a20000-7f5172a22000 rw-p 000ed000 08:01 1971410                    /usr/lib/x86_64-linux-gnu/libstdc++.so.6.0.19
7f5172a22000-7f5172a37000 rw-p 00000000 00:00 0 
7f5172a37000-7f5173550000 r-xp 00000000 08:01 2099698                    /usr/lib/jvm/java-7-openjdk-amd64/jre/lib/amd64/server/libjvm.so
7f5173550000-7f5173750000 ---p 00b19000 08:01 2099698                    /usr/lib/jvm/java-7-openjdk-amd64/jre/lib/amd64/server/libjvm.so
7f5173750000-7f51737ea000 r--p 00b19000 08:01 2099698                    /usr/lib/jvm/java-7-openjdk-amd64/jre/lib/amd64/server/libjvm.so
7f51737ea000-7f517380d000 rw-p 00bb3000 08:01 2099698                    /usr/lib/jvm/java-7-openjdk-amd64/jre/lib/amd64/server/libjvm.so
7f517380d000-7f517383b000 rw-p 00000000 00:00 0 
7f517383b000-7f5173853000 r-xp 00000000 08:01 2756937                    /lib/x86_64-linux-gnu/libz.so.1.2.8
7f5173853000-7f5173a52000 ---p 00018000 08:01 2756937                    /lib/x86_64-linux-gnu/libz.so.1.2.8
7f5173a52000-7f5173a53000 r--p 00017000 08:01 2756937                    /lib/x86_64-linux-gnu/libz.so.1.2.8
7f5173a53000-7f5173a54000 rw-p 00018000 08:01 2756937                    /lib/x86_64-linux-gnu/libz.so.1.2.8
7f5173a54000-7f5173a6d000 r-xp 00000000 08:01 2753553                    /lib/x86_64-linux-gnu/libpthread-2.19.so
7f5173a6d000-7f5173c6c000 ---p 00019000 08:01 2753553                    /lib/x86_64-linux-gnu/libpthread-2.19.so
7f5173c6c000-7f5173c6d000 r--p 00018000 08:01 2753553                    /lib/x86_64-linux-gnu/libpthread-2.19.so
7f5173c6d000-7f5173c6e000 rw-p 00019000 08:01 2753553                    /lib/x86_64-linux-gnu/libpthread-2.19.so
7f5173c6e000-7f5173c72000 rw-p 00000000 00:00 0 
7f5173c72000-7f5173c75000 r-xp 00000000 08:01 2753505                    /lib/x86_64-linux-gnu/libdl-2.19.so
7f5173c75000-7f5173e74000 ---p 00003000 08:01 2753505                    /lib/x86_64-linux-gnu/libdl-2.19.so
7f5173e74000-7f5173e75000 r--p 00002000 08:01 2753505                    /lib/x86_64-linux-gnu/libdl-2.19.so
7f5173e75000-7f5173e76000 rw-p 00003000 08:01 2753505                    /lib/x86_64-linux-gnu/libdl-2.19.so
7f5173e76000-7f5174031000 r-xp 00000000 08:01 2753552                    /lib/x86_64-linux-gnu/libc-2.19.so
7f5174031000-7f5174230000 ---p 001bb000 08:01 2753552                    /lib/x86_64-linux-gnu/libc-2.19.so
7f5174230000-7f5174234000 r--p 001ba000 08:01 2753552                    /lib/x86_64-linux-gnu/libc-2.19.so
7f5174234000-7f5174236000 rw-p 001be000 08:01 2753552                    /lib/x86_64-linux-gnu/libc-2.19.so
7f5174236000-7f517423b000 rw-p 00000000 00:00 0 
7f517423b000-7f5174248000 r-xp 00000000 08:01 2099696                    /usr/lib/jvm/java-7-openjdk-amd64/jre/lib/amd64/jli/libjli.so
7f5174248000-7f5174447000 ---p 0000d000 08:01 2099696                    /usr/lib/jvm/java-7-openjdk-amd64/jre/lib/amd64/jli/libjli.so
7f5174447000-7f5174448000 r--p 0000c000 08:01 2099696                    /usr/lib/jvm/java-7-openjdk-amd64/jre/lib/amd64/jli/libjli.so
7f5174448000-7f5174449000 rw-p 0000d000 08:01 2099696                    /usr/lib/jvm/java-7-openjdk-amd64/jre/lib/amd64/jli/libjli.so
7f5174449000-7f517446c000 r-xp 00000000 08:01 2753528                    /lib/x86_64-linux-gnu/ld-2.19.so
7f517446c000-7f517446e000 rw-p 00000000 00:00 0 
7f517446e000-7f5174471000 r--s 0000f000 08:01 2099682                    /usr/lib/jvm/java-7-openjdk-amd64/jre/lib/ext/icedtea-sound.jar
7f5174471000-7f5174475000 r--s 00034000 08:01 2099680                    /usr/lib/jvm/java-7-openjdk-amd64/jre/lib/ext/sunjce_provider.jar
7f5174475000-7f5174477000 r--s 00012000 08:01 2099683                    /usr/lib/jvm/java-7-openjdk-amd64/jre/lib/ext/zipfs.jar
7f5174477000-7f5174479000 r--s 00006000 08:01 2368287                    /usr/share/java/java-atk-wrapper.jar
7f5174479000-7f517447d000 r--s 0003c000 08:01 2099681                    /usr/lib/jvm/java-7-openjdk-amd64/jre/lib/ext/sunpkcs11.jar
7f517447d000-7f517447e000 r--s 00002000 08:01 2099679                    /usr/lib/jvm/java-7-openjdk-amd64/jre/lib/ext/dnsns.jar
7f517447e000-7f5174482000 r--s 00085000 08:01 2099677                    /usr/lib/jvm/java-7-openjdk-amd64/jre/lib/ext/localedata.jar
7f5174482000-7f517448c000 rw-p 00000000 00:00 0 
7f517448c000-7f5174542000 rw-p 00000000 00:00 0 
7f5174542000-7f5174545000 ---p 00000000 00:00 0 
7f5174545000-7f517465f000 rw-p 00000000 00:00 0                          [stack:10821]
7f517465f000-7f5174667000 rw-s 00000000 08:01 1190238                    /tmp/hsperfdata_matteo/10819
7f5174667000-7f5174668000 rw-p 00000000 00:00 0 
7f5174668000-7f5174669000 r--p 00000000 00:00 0 
7f5174669000-7f517466b000 rw-p 00000000 00:00 0 
7f517466b000-7f517466c000 r--p 00022000 08:01 2753528                    /lib/x86_64-linux-gnu/ld-2.19.so
7f517466c000-7f517466d000 rw-p 00023000 08:01 2753528                    /lib/x86_64-linux-gnu/ld-2.19.so
7f517466d000-7f517466e000 rw-p 00000000 00:00 0 
7fffde352000-7fffde373000 rw-p 00000000 00:00 0                          [stack]
7fffde3fe000-7fffde400000 r-xp 00000000 00:00 0                          [vdso]
ffffffffff600000-ffffffffff601000 r-xp 00000000 00:00 0                  [vsyscall]

VM Arguments:
jvm_args: -agentlib:jdwp=transport=dt_socket,suspend=y,address=localhost:37001 -Dfile.encoding=UTF-8 
java_command: SimpleSearch
Launcher Type: SUN_STANDARD

Environment Variables:
PATH=/usr/local/sbin:/usr/local/bin:/usr/sbin:/usr/bin:/sbin:/bin:/usr/games:/usr/local/games
USERNAME=matteo
SHELL=/bin/bash
DISPLAY=:0.0

Signal Handlers:
SIGSEGV: [libjvm.so+0x94bab0], sa_mask[0]=0x7ffbfeff, sa_flags=0x10000004
SIGBUS: [libjvm.so+0x94bab0], sa_mask[0]=0x7ffbfeff, sa_flags=0x10000004
SIGFPE: [libjvm.so+0x7c38b0], sa_mask[0]=0x7ffbfeff, sa_flags=0x10000004
SIGPIPE: SIG_IGN, sa_mask[0]=0x00000000, sa_flags=0x00000000
SIGXFSZ: [libjvm.so+0x7c38b0], sa_mask[0]=0x7ffbfeff, sa_flags=0x10000004
SIGILL: [libjvm.so+0x7c38b0], sa_mask[0]=0x7ffbfeff, sa_flags=0x10000004
SIGUSR1: SIG_DFL, sa_mask[0]=0x00000000, sa_flags=0x00000000
SIGUSR2: [libjvm.so+0x7c3750], sa_mask[0]=0x00000004, sa_flags=0x10000004
SIGHUP: [libjvm.so+0x7c3930], sa_mask[0]=0x7ffbfeff, sa_flags=0x10000004
SIGINT: [libjvm.so+0x7c3930], sa_mask[0]=0x7ffbfeff, sa_flags=0x10000004
SIGTERM: [libjvm.so+0x7c3930], sa_mask[0]=0x7ffbfeff, sa_flags=0x10000004
SIGQUIT: [libjvm.so+0x7c3930], sa_mask[0]=0x7ffbfeff, sa_flags=0x10000004
SIGTRAP: SIG_DFL, sa_mask[0]=0x00000000, sa_flags=0x00000000


---------------  S Y S T E M  ---------------

OS:LinuxMint 17.2 (rafaela)
uname:Linux 3.13.0-37-generic #64-Ubuntu SMP Mon Sep 22 21:28:38 UTC 2014 x86_64
libc:glibc 2.19 NPTL 2.19 
rlimit: STACK 8192k, CORE 0k, NPROC 30608, NOFILE 4096, AS infinity
load average:0,27 0,43 0,39

/proc/meminfo:
MemTotal:        3949060 kB
MemFree:          350124 kB
Buffers:           43572 kB
Cached:          1131804 kB
SwapCached:        78184 kB
Active:          2318436 kB
Inactive:        1118536 kB
Active(anon):    1989700 kB
Inactive(anon):   742004 kB
Active(file):     328736 kB
Inactive(file):   376532 kB
Unevictable:         108 kB
Mlocked:             108 kB
SwapTotal:       2010108 kB
SwapFree:        1584456 kB
Dirty:               176 kB
Writeback:             0 kB
AnonPages:       2204832 kB
Mapped:           409680 kB
Shmem:            469992 kB
Slab:              66736 kB
SReclaimable:      36520 kB
SUnreclaim:        30216 kB
KernelStack:        4584 kB
PageTables:        40412 kB
NFS_Unstable:          0 kB
Bounce:                0 kB
WritebackTmp:          0 kB
CommitLimit:     3984636 kB
Committed_AS:    6928452 kB
VmallocTotal:   34359738367 kB
VmallocUsed:      345872 kB
VmallocChunk:   34359386076 kB
HardwareCorrupted:     0 kB
AnonHugePages:    774144 kB
HugePages_Total:       0
HugePages_Free:        0
HugePages_Rsvd:        0
HugePages_Surp:        0
Hugepagesize:       2048 kB
DirectMap4k:       70976 kB
DirectMap2M:     4024320 kB


CPU:total 2 (2 cores per cpu, 1 threads per core) family 6 model 15 stepping 13, cmov, cx8, fxsr, mmx, sse, sse2, sse3, ssse3, tsc

/proc/cpuinfo:
processor	: 0
vendor_id	: GenuineIntel
cpu family	: 6
model		: 15
model name	: Intel(R) Pentium(R) Dual  CPU  T3400  @ 2.16GHz
stepping	: 13
microcode	: 0xa4
cpu MHz		: 2166.000
cache size	: 1024 KB
physical id	: 0
siblings	: 2
core id		: 0
cpu cores	: 2
apicid		: 0
initial apicid	: 0
fpu		: yes
fpu_exception	: yes
cpuid level	: 10
wp		: yes
flags		: fpu vme de pse tsc msr pae mce cx8 apic sep mtrr pge mca cmov pat pse36 clflush dts acpi mmx fxsr sse sse2 ss ht tm pbe syscall nx lm constant_tsc arch_perfmon pebs bts rep_good nopl aperfmperf pni dtes64 monitor ds_cpl est tm2 ssse3 cx16 xtpr pdcm lahf_lm dtherm
bogomips	: 4322.93
clflush size	: 64
cache_alignment	: 64
address sizes	: 36 bits physical, 48 bits virtual
power management:

processor	: 1
vendor_id	: GenuineIntel
cpu family	: 6
model		: 15
model name	: Intel(R) Pentium(R) Dual  CPU  T3400  @ 2.16GHz
stepping	: 13
microcode	: 0xa4
cpu MHz		: 2166.000
cache size	: 1024 KB
physical id	: 0
siblings	: 2
core id		: 1
cpu cores	: 2
apicid		: 1
initial apicid	: 1
fpu		: yes
fpu_exception	: yes
cpuid level	: 10
wp		: yes
flags		: fpu vme de pse tsc msr pae mce cx8 apic sep mtrr pge mca cmov pat pse36 clflush dts acpi mmx fxsr sse sse2 ss ht tm pbe syscall nx lm constant_tsc arch_perfmon pebs bts rep_good nopl aperfmperf pni dtes64 monitor ds_cpl est tm2 ssse3 cx16 xtpr pdcm lahf_lm dtherm
bogomips	: 4322.93
clflush size	: 64
cache_alignment	: 64
address sizes	: 36 bits physical, 48 bits virtual
power management:



Memory: 4k page, physical 3949060k(350124k free), swap 2010108k(1584456k free)

vm_info: OpenJDK 64-Bit Server VM (24.79-b02) for linux-amd64 JRE (1.7.0_79-b14), built on Jul 24 2015 08:15:54 by "buildd" with gcc 4.8.2

time: Fri Sep 11 15:45:28 2015
elapsed time: 2221 seconds

