#
# A fatal error has been detected by the Java Runtime Environment:
#
#  SIGSEGV (0xb) at pc=0x00007fa35a7c6ad8, pid=11351, tid=140339352372992
#
# JRE version: OpenJDK Runtime Environment (7.0_79-b14) (build 1.7.0_79-b14)
# Java VM: OpenJDK 64-Bit Server VM (24.79-b02 mixed mode linux-amd64 compressed oops)
# Derivative: IcedTea 2.5.6
# Distribution: Ubuntu 14.04 LTS, package 7u79-2.5.6-0ubuntu1.14.04.1
# Problematic frame:
# V  [libjvm.so+0x64bad8]  JNIHandles::checked_resolve_jmethod_id(_jmethodID*)+0x18
#
# Failed to write core dump. Core dumps have been disabled. To enable core dumping, try "ulimit -c unlimited" before starting Java again
#
# If you would like to submit a bug report, please include
# instructions on how to reproduce the bug and visit:
#   http://icedtea.classpath.org/bugzilla
#

---------------  T H R E A D  ---------------

Current thread (0x00007fa3540b3000):  JavaThread "JDWP Transport Listener: dt_socket" daemon [_thread_in_vm, id=11366, stack(0x00007fa34d2f0000,0x00007fa34d3f1000)]

siginfo:si_signo=SIGSEGV: si_errno=0, si_code=1 (SEGV_MAPERR), si_addr=0x0000000000000030

Registers:
RAX=0xfefefefefefefefe, RBX=0x00007fa354003bc0, RCX=0x00007fa35b3b1320, RDX=0x0000000000000001
RSP=0x00007fa34d3ef9b0, RBP=0x00007fa34d3ef9c0, RSI=0x00007fa3540b3000, RDI=0x0000000000000030
R8 =0x0000000000000000, R9 =0x00007fa33400b6f0, R10=0x00007fa34d3ef9b0, R11=0x0000000000000004
R12=0x00007fa34d3efa97, R13=0x0000000000000030, R14=0x00007fa3540b3000, R15=0x00007fa34d3ef9e0
RIP=0x00007fa35a7c6ad8, EFLAGS=0x0000000000010202, CSGSFS=0x0000000000000033, ERR=0x0000000000000004
  TRAPNO=0x000000000000000e

Top of Stack: (sp=0x00007fa34d3ef9b0)
0x00007fa34d3ef9b0:   00007fa34d3efa97 00007fa354003bc0
0x00007fa34d3ef9c0:   00007fa34d3efa30 00007fa35a7bbf23
0x00007fa34d3ef9d0:   00007fa35af6486c 00007fa35a806886
0x00007fa34d3ef9e0:   00007fa3540b3000 0000000000000000
0x00007fa34d3ef9f0:   00007fa300000000 0000000000000000
0x00007fa34d3efa00:   00007fa34d3efb80 00007fa34d3efa97
0x00007fa34d3efa10:   00007fa359313f00 0000000000000030
0x00007fa34d3efa20:   00007fa34d3efa97 00007fa34d3efa9c
0x00007fa34d3efa30:   00007fa34d3efa60 00007fa3590ffab9
0x00007fa34d3efa40:   00007fa34d3efa60 0000000000000004
0x00007fa34d3efa50:   00007fa34d3efb80 0000000000000030
0x00007fa34d3efa60:   00007fa34d3efaf0 00007fa3590e05f8
0x00007fa34d3efa70:   00007fa34d3efab0 00007fa34d3efab0
0x00007fa34d3efa80:   00007fa34d3efab8 00000001590e54c9
0x00007fa34d3efa90:   00007fa34d3efb50 0000000900000005
0x00007fa34d3efaa0:   00007fa33400add0 0000000000000000
0x00007fa34d3efab0:   0000000000000000 0000000000000000
0x00007fa34d3efac0:   00007fa34d3efb50 00000000000f0200
0x00007fa34d3efad0:   00007fa34d3efb50 0000000000000002
0x00007fa34d3efae0:   00007fa34d3efb80 00007fa359313f00
0x00007fa34d3efaf0:   00007fa34d3efd40 00007fa3590ea688
0x00007fa34d3efb00:   0000236b00000013 00007fa3340f0200
0x00007fa34d3efb10:   00007fa32c000ba0 00007fa35a76e8cc
0x00007fa34d3efb20:   00007fa3540b5140 00007fa32c00080f
0x00007fa34d3efb30:   0000236b00000013 00007fa3340f0200
0x00007fa34d3efb40:   00007fa32c000ba0 00007fa3540aa318
0x00007fa34d3efb50:   00007fa32c000ba8 000000000000000b
0x00007fa34d3efb60:   0000236b00000013 00007fa3340f0200
0x00007fa34d3efb70:   00007fa32c000ba0 00007fa33400c860
0x00007fa34d3efb80:   00007fa33400b80e 000000000000021a
0x00007fa34d3efb90:   00007fa33400b5f0 00007fa30000012c
0x00007fa34d3efba0:   00007fa34d3efbd0 00007fa33400b5f0 

Instructions: (pc=0x00007fa35a7c6ad8)
0x00007fa35a7c6ab8:   0f 1f 84 00 00 00 00 00 48 85 ff 74 7b 55 48 b8
0x00007fa35a7c6ac8:   fe fe fe fe fe fe fe fe 48 89 e5 53 48 83 ec 08
0x00007fa35a7c6ad8:   48 8b 1f 48 39 c3 74 38 48 85 db 74 33 48 8d 05
0x00007fa35a7c6ae8:   d7 3a 79 00 80 38 00 75 37 48 8b 53 08 48 8b 42 

Register to memory mapping:

RAX=0xfefefefefefefefe is an unknown value
RBX=0x00007fa354003bc0 is an unknown value
RCX=0x00007fa35b3b1320: <offset 0x219320> in /lib/x86_64-linux-gnu/libpthread.so.0 at 0x00007fa35b198000
RDX=0x0000000000000001 is an unknown value
RSP=0x00007fa34d3ef9b0 is pointing into the stack for thread: 0x00007fa3540b3000
RBP=0x00007fa34d3ef9c0 is pointing into the stack for thread: 0x00007fa3540b3000
RSI=0x00007fa3540b3000 is a thread
RDI=0x0000000000000030 is an unknown value
R8 =0x0000000000000000 is an unknown value
R9 =0x00007fa33400b6f0 is an unknown value
R10=0x00007fa34d3ef9b0 is pointing into the stack for thread: 0x00007fa3540b3000
R11=0x0000000000000004 is an unknown value
R12=0x00007fa34d3efa97 is pointing into the stack for thread: 0x00007fa3540b3000
R13=0x0000000000000030 is an unknown value
R14=0x00007fa3540b3000 is a thread
R15=0x00007fa34d3ef9e0 is pointing into the stack for thread: 0x00007fa3540b3000


Stack: [0x00007fa34d2f0000,0x00007fa34d3f1000],  sp=0x00007fa34d3ef9b0,  free space=1022k
Native frames: (J=compiled Java code, j=interpreted, Vv=VM code, C=native code)
V  [libjvm.so+0x64bad8]  JNIHandles::checked_resolve_jmethod_id(_jmethodID*)+0x18
V  [libjvm.so+0x640f23]  jvmti_IsMethodSynthetic+0x1f3
C  [libjdwp.so+0x26ab9]
C  [libjdwp.so+0x75f8]
C  [libjdwp.so+0x11688]
C  [libjdwp.so+0x23795]
V  [libjvm.so+0x6aa60b]  JvmtiAgentThread::start_function_wrapper(JavaThread*, Thread*)+0x9b
V  [libjvm.so+0x900f40]  JavaThread::thread_main_inner()+0xf0
V  [libjvm.so+0x9011b1]  JavaThread::run()+0x221
V  [libjvm.so+0x7c4f62]  java_start(Thread*)+0xf2


---------------  P R O C E S S  ---------------

Java Threads: ( => current thread )
  0x00007fa3540be000 JavaThread "Service Thread" daemon [_thread_blocked, id=11375, stack(0x00007fa34cdeb000,0x00007fa34ceec000)]
  0x00007fa3540bb800 JavaThread "C2 CompilerThread1" daemon [_thread_blocked, id=11374, stack(0x00007fa34ceec000,0x00007fa34cfed000)]
  0x00007fa3540b9000 JavaThread "C2 CompilerThread0" daemon [_thread_blocked, id=11373, stack(0x00007fa34cfed000,0x00007fa34d0ee000)]
  0x00007fa334001000 JavaThread "JDWP Command Reader" daemon [_thread_in_native, id=11370, stack(0x00007fa34d0ee000,0x00007fa34d1ef000)]
  0x00007fa3540b6800 JavaThread "JDWP Event Helper Thread" daemon [_thread_blocked, id=11369, stack(0x00007fa34d1ef000,0x00007fa34d2f0000)]
=>0x00007fa3540b3000 JavaThread "JDWP Transport Listener: dt_socket" daemon [_thread_in_vm, id=11366, stack(0x00007fa34d2f0000,0x00007fa34d3f1000)]
  0x00007fa3540a6000 JavaThread "Signal Dispatcher" daemon [_thread_blocked, id=11364, stack(0x00007fa34d5f6000,0x00007fa34d6f7000)]
  0x00007fa35407a000 JavaThread "Finalizer" daemon [_thread_blocked, id=11362, stack(0x00007fa34d6f7000,0x00007fa34d7f8000)]
  0x00007fa354078000 JavaThread "Reference Handler" daemon [_thread_blocked, id=11361, stack(0x00007fa34d7f8000,0x00007fa34d8f9000)]
  0x00007fa35400c800 JavaThread "main" [_thread_blocked, id=11356, stack(0x00007fa35bc86000,0x00007fa35bd87000)]

Other Threads:
  0x00007fa354073800 VMThread [stack: 0x00007fa34d8f9000,0x00007fa34d9fa000] [id=11360]
  0x00007fa3540c8800 WatcherThread [stack: 0x00007fa34ccea000,0x00007fa34cdeb000] [id=11376]

VM state:not at safepoint (normal execution)

VM Mutex/Monitor currently owned by a thread: None

Heap
 PSYoungGen      total 18432K, used 5122K [0x00000000ebe00000, 0x00000000ed280000, 0x0000000100000000)
  eden space 15872K, 16% used [0x00000000ebe00000,0x00000000ec084868,0x00000000ecd80000)
  from space 2560K, 99% used [0x00000000ed000000,0x00000000ed27c010,0x00000000ed280000)
  to   space 2560K, 0% used [0x00000000ecd80000,0x00000000ecd80000,0x00000000ed000000)
 ParOldGen       total 40960K, used 3417K [0x00000000c3a00000, 0x00000000c6200000, 0x00000000ebe00000)
  object space 40960K, 8% used [0x00000000c3a00000,0x00000000c3d56568,0x00000000c6200000)
 PSPermGen       total 21504K, used 10702K [0x00000000b9400000, 0x00000000ba900000, 0x00000000c3a00000)
  object space 21504K, 49% used [0x00000000b9400000,0x00000000b9e739f8,0x00000000ba900000)

Card table byte_map: [0x00007fa350dc9000,0x00007fa351000000] byte_map_base: 0x00007fa3507ff000

Polling page: 0x00007fa35bdac000

Code Cache  [0x00007fa351000000, 0x00007fa351270000, 0x00007fa354000000)
 total_blobs=467 nmethods=157 adapters=272 free_code_cache=48191Kb largest_free_block=49272896

Compilation events (10 events):
Event: 12,333 Thread 0x00007fa3540b9000  160             sun.security.util.AlgorithmDecomposer::decompose (461 bytes)
Event: 12,376 Thread 0x00007fa3540bb800  161             java.util.ArrayList::access$200 (5 bytes)
Event: 12,377 Thread 0x00007fa3540bb800 nmethod 161 0x00007fa3510d3e10 code [0x00007fa3510d3f40, 0x00007fa3510d3fb8]
Event: 12,784 Thread 0x00007fa3540bb800  162             com.sun.crypto.provider.CipherBlockChaining::encrypt (103 bytes)
Event: 12,823 Thread 0x00007fa3540bb800 nmethod 162 0x00007fa3510d89d0 code [0x00007fa3510d8b60, 0x00007fa3510d93c8]
Event: 12,823 Thread 0x00007fa3540bb800  163             java.lang.String::toString (2 bytes)
Event: 12,823 Thread 0x00007fa3540bb800 nmethod 163 0x00007fa3510d9e90 code [0x00007fa3510d9fc0, 0x00007fa3510da018]
Event: 13,123 Thread 0x00007fa3540b9000 nmethod 160 0x00007fa3510ec850 code [0x00007fa3510ed340, 0x00007fa3510f71d8]
Event: 13,203 Thread 0x00007fa3540bb800  164             com.sun.org.apache.xerces.internal.dom.DeferredDocumentImpl::setChunkValue (80 bytes)
Event: 13,213 Thread 0x00007fa3540bb800 nmethod 164 0x00007fa3510daa90 code [0x00007fa3510dac40, 0x00007fa3510db1d8]

GC Heap History (4 events):
Event: 2,691 GC heap before
{Heap before GC invocations=1 (full 0):
 PSYoungGen      total 18432K, used 15872K [0x00000000ebe00000, 0x00000000ed280000, 0x0000000100000000)
  eden space 15872K, 100% used [0x00000000ebe00000,0x00000000ecd80000,0x00000000ecd80000)
  from space 2560K, 0% used [0x00000000ed000000,0x00000000ed000000,0x00000000ed280000)
  to   space 2560K, 0% used [0x00000000ecd80000,0x00000000ecd80000,0x00000000ed000000)
 ParOldGen       total 40960K, used 0K [0x00000000c3a00000, 0x00000000c6200000, 0x00000000ebe00000)
  object space 40960K, 0% used [0x00000000c3a00000,0x00000000c3a00000,0x00000000c6200000)
 PSPermGen       total 21504K, used 9727K [0x00000000b9400000, 0x00000000ba900000, 0x00000000c3a00000)
  object space 21504K, 45% used [0x00000000b9400000,0x00000000b9d7fea0,0x00000000ba900000)
Event: 2,712 GC heap after
Heap after GC invocations=1 (full 0):
 PSYoungGen      total 18432K, used 2544K [0x00000000ebe00000, 0x00000000ed280000, 0x0000000100000000)
  eden space 15872K, 0% used [0x00000000ebe00000,0x00000000ebe00000,0x00000000ecd80000)
  from space 2560K, 99% used [0x00000000ecd80000,0x00000000ecffc010,0x00000000ed000000)
  to   space 2560K, 0% used [0x00000000ed000000,0x00000000ed000000,0x00000000ed280000)
 ParOldGen       total 40960K, used 1364K [0x00000000c3a00000, 0x00000000c6200000, 0x00000000ebe00000)
  object space 40960K, 3% used [0x00000000c3a00000,0x00000000c3b55090,0x00000000c6200000)
 PSPermGen       total 21504K, used 9727K [0x00000000b9400000, 0x00000000ba900000, 0x00000000c3a00000)
  object space 21504K, 45% used [0x00000000b9400000,0x00000000b9d7fea0,0x00000000ba900000)
}
Event: 11,904 GC heap before
{Heap before GC invocations=2 (full 0):
 PSYoungGen      total 18432K, used 18416K [0x00000000ebe00000, 0x00000000ed280000, 0x0000000100000000)
  eden space 15872K, 100% used [0x00000000ebe00000,0x00000000ecd80000,0x00000000ecd80000)
  from space 2560K, 99% used [0x00000000ecd80000,0x00000000ecffc010,0x00000000ed000000)
  to   space 2560K, 0% used [0x00000000ed000000,0x00000000ed000000,0x00000000ed280000)
 ParOldGen       total 40960K, used 1364K [0x00000000c3a00000, 0x00000000c6200000, 0x00000000ebe00000)
  object space 40960K, 3% used [0x00000000c3a00000,0x00000000c3b55090,0x00000000c6200000)
 PSPermGen       total 21504K, used 10558K [0x00000000b9400000, 0x00000000ba900000, 0x00000000c3a00000)
  object space 21504K, 49% used [0x00000000b9400000,0x00000000b9e4fbc8,0x00000000ba900000)
Event: 11,926 GC heap after
Heap after GC invocations=2 (full 0):
 PSYoungGen      total 18432K, used 2544K [0x00000000ebe00000, 0x00000000ed280000, 0x0000000100000000)
  eden space 15872K, 0% used [0x00000000ebe00000,0x00000000ebe00000,0x00000000ecd80000)
  from space 2560K, 99% used [0x00000000ed000000,0x00000000ed27c010,0x00000000ed280000)
  to   space 2560K, 0% used [0x00000000ecd80000,0x00000000ecd80000,0x00000000ed000000)
 ParOldGen       total 40960K, used 3417K [0x00000000c3a00000, 0x00000000c6200000, 0x00000000ebe00000)
  object space 40960K, 8% used [0x00000000c3a00000,0x00000000c3d56568,0x00000000c6200000)
 PSPermGen       total 21504K, used 10558K [0x00000000b9400000, 0x00000000ba900000, 0x00000000c3a00000)
  object space 21504K, 49% used [0x00000000b9400000,0x00000000b9e4fbc8,0x00000000ba900000)
}

Deoptimization events (5 events):
Event: 1,143 Thread 0x00007fa35400c800 Uncommon trap: reason=unloaded action=reinterpret pc=0x00007fa35106a07c method=java.lang.CharacterData.of(I)Ljava/lang/CharacterData; @ 96
Event: 1,526 Thread 0x00007fa35400c800 Uncommon trap: reason=class_check action=maybe_recompile pc=0x00007fa351084bb4 method=java.io.DataInputStream.readChar()C @ 4
Event: 1,526 Thread 0x00007fa35400c800 Uncommon trap: reason=class_check action=maybe_recompile pc=0x00007fa351084bb4 method=java.io.DataInputStream.readChar()C @ 4
Event: 1,526 Thread 0x00007fa35400c800 Uncommon trap: reason=class_check action=maybe_recompile pc=0x00007fa351084bb4 method=java.io.DataInputStream.readChar()C @ 4
Event: 1,526 Thread 0x00007fa35400c800 Uncommon trap: reason=class_check action=maybe_recompile pc=0x00007fa351084bb4 method=java.io.DataInputStream.readChar()C @ 4

Internal exceptions (10 events):
Event: 2,728 Thread 0x00007fa35400c800 Threw 0x00000000ebe42020 at /build/openjdk-7-FO0dNI/openjdk-7-7u79-2.5.6/build/openjdk/hotspot/src/share/vm/prims/jvm.cpp:1284
Event: 2,729 Thread 0x00007fa35400c800 Threw 0x00000000ebe494e0 at /build/openjdk-7-FO0dNI/openjdk-7-7u79-2.5.6/build/openjdk/hotspot/src/share/vm/interpreter/linkResolver.cpp:981
Event: 2,730 Thread 0x00007fa35400c800 Threw 0x00000000ebe4bcc8 at /build/openjdk-7-FO0dNI/openjdk-7-7u79-2.5.6/build/openjdk/hotspot/src/share/vm/interpreter/linkResolver.cpp:981
Event: 2,731 Thread 0x00007fa35400c800 Threw 0x00000000ebe4e4b0 at /build/openjdk-7-FO0dNI/openjdk-7-7u79-2.5.6/build/openjdk/hotspot/src/share/vm/interpreter/linkResolver.cpp:981
Event: 2,733 Thread 0x00007fa35400c800 Threw 0x00000000ebe50c98 at /build/openjdk-7-FO0dNI/openjdk-7-7u79-2.5.6/build/openjdk/hotspot/src/share/vm/interpreter/linkResolver.cpp:981
Event: 3,112 Thread 0x00007fa35400c800 Threw 0x00000000ebf64920 at /build/openjdk-7-FO0dNI/openjdk-7-7u79-2.5.6/build/openjdk/hotspot/src/share/vm/prims/jvm.cpp:1284
Event: 3,113 Thread 0x00007fa35400c800 Threw 0x00000000ebf698e0 at /build/openjdk-7-FO0dNI/openjdk-7-7u79-2.5.6/build/openjdk/hotspot/src/share/vm/prims/jvm.cpp:1284
Event: 3,114 Thread 0x00007fa35400c800 Threw 0x00000000ebf6d0e0 at /build/openjdk-7-FO0dNI/openjdk-7-7u79-2.5.6/build/openjdk/hotspot/src/share/vm/prims/jvm.cpp:1284
Event: 5,087 Thread 0x00007fa35400c800 Threw 0x00000000ec21ea88 at /build/openjdk-7-FO0dNI/openjdk-7-7u79-2.5.6/build/openjdk/hotspot/src/share/vm/prims/jvm.cpp:1284
Event: 5,087 Thread 0x00007fa35400c800 Threw 0x00000000ec221010 at /build/openjdk-7-FO0dNI/openjdk-7-7u79-2.5.6/build/openjdk/hotspot/src/share/vm/prims/jvm.cpp:1284

Events (10 events):
Event: 2219,508 Executing VM operation: ChangeBreakpoints
Event: 2219,508 Executing VM operation: ChangeBreakpoints done
Event: 2563,634 Executing VM operation: RedefineClasses
Event: 2563,636 Executing VM operation: RedefineClasses done
Event: 2789,983 loading class 0x00007fa34e5d7630
Event: 2789,983 loading class 0x00007fa34e5d7630 done
Event: 2789,984 Executing VM operation: RedefineClasses
Event: 2789,985 Executing VM operation: RedefineClasses done
Event: 3456,977 Executing VM operation: RedefineClasses
Event: 3456,994 Executing VM operation: RedefineClasses done


Dynamic libraries:
00400000-00401000 r-xp 00000000 08:01 2099770                            /usr/lib/jvm/java-7-openjdk-amd64/jre/bin/java
00600000-00601000 r--p 00000000 08:01 2099770                            /usr/lib/jvm/java-7-openjdk-amd64/jre/bin/java
00601000-00602000 rw-p 00001000 08:01 2099770                            /usr/lib/jvm/java-7-openjdk-amd64/jre/bin/java
0083b000-0085c000 rw-p 00000000 00:00 0                                  [heap]
b9400000-ba900000 rw-p 00000000 00:00 0 
ba900000-c3a00000 rw-p 00000000 00:00 0 
c3a00000-c6200000 rw-p 00000000 00:00 0 
c6200000-ebe00000 rw-p 00000000 00:00 0 
ebe00000-ed280000 rw-p 00000000 00:00 0 
ed280000-100000000 rw-p 00000000 00:00 0 
7fa310000000-7fa310021000 rw-p 00000000 00:00 0 
7fa310021000-7fa314000000 ---p 00000000 00:00 0 
7fa315ac3000-7fa315ad3000 r-xp 00000000 08:01 2099725                    /usr/lib/jvm/java-7-openjdk-amd64/jre/lib/amd64/libnio.so
7fa315ad3000-7fa315cd3000 ---p 00010000 08:01 2099725                    /usr/lib/jvm/java-7-openjdk-amd64/jre/lib/amd64/libnio.so
7fa315cd3000-7fa315cd4000 r--p 00010000 08:01 2099725                    /usr/lib/jvm/java-7-openjdk-amd64/jre/lib/amd64/libnio.so
7fa315cd4000-7fa315cd5000 rw-p 00011000 08:01 2099725                    /usr/lib/jvm/java-7-openjdk-amd64/jre/lib/amd64/libnio.so
7fa315cd5000-7fa315cda000 r-xp 00000000 08:01 2753504                    /lib/x86_64-linux-gnu/libnss_dns-2.19.so
7fa315cda000-7fa315ed9000 ---p 00005000 08:01 2753504                    /lib/x86_64-linux-gnu/libnss_dns-2.19.so
7fa315ed9000-7fa315eda000 r--p 00004000 08:01 2753504                    /lib/x86_64-linux-gnu/libnss_dns-2.19.so
7fa315eda000-7fa315edb000 rw-p 00005000 08:01 2753504                    /lib/x86_64-linux-gnu/libnss_dns-2.19.so
7fa315edb000-7fa315edd000 r-xp 00000000 08:01 2756855                    /lib/x86_64-linux-gnu/libnss_mdns4_minimal.so.2
7fa315edd000-7fa3160dc000 ---p 00002000 08:01 2756855                    /lib/x86_64-linux-gnu/libnss_mdns4_minimal.so.2
7fa3160dc000-7fa3160dd000 r--p 00001000 08:01 2756855                    /lib/x86_64-linux-gnu/libnss_mdns4_minimal.so.2
7fa3160dd000-7fa3160de000 rw-p 00002000 08:01 2756855                    /lib/x86_64-linux-gnu/libnss_mdns4_minimal.so.2
7fa3160de000-7fa31611b000 r-xp 00000000 08:01 2757761                    /lib/x86_64-linux-gnu/libpcre.so.3.13.1
7fa31611b000-7fa31631a000 ---p 0003d000 08:01 2757761                    /lib/x86_64-linux-gnu/libpcre.so.3.13.1
7fa31631a000-7fa31631b000 r--p 0003c000 08:01 2757761                    /lib/x86_64-linux-gnu/libpcre.so.3.13.1
7fa31631b000-7fa31631c000 rw-p 0003d000 08:01 2757761                    /lib/x86_64-linux-gnu/libpcre.so.3.13.1
7fa31631c000-7fa316323000 r-xp 00000000 08:01 1975331                    /usr/lib/x86_64-linux-gnu/libffi.so.6.0.1
7fa316323000-7fa316522000 ---p 00007000 08:01 1975331                    /usr/lib/x86_64-linux-gnu/libffi.so.6.0.1
7fa316522000-7fa316523000 r--p 00006000 08:01 1975331                    /usr/lib/x86_64-linux-gnu/libffi.so.6.0.1
7fa316523000-7fa316524000 rw-p 00007000 08:01 1975331                    /usr/lib/x86_64-linux-gnu/libffi.so.6.0.1
7fa316524000-7fa31653b000 r-xp 00000000 08:01 2752541                    /lib/x86_64-linux-gnu/libresolv-2.19.so
7fa31653b000-7fa31673b000 ---p 00017000 08:01 2752541                    /lib/x86_64-linux-gnu/libresolv-2.19.so
7fa31673b000-7fa31673c000 r--p 00017000 08:01 2752541                    /lib/x86_64-linux-gnu/libresolv-2.19.so
7fa31673c000-7fa31673d000 rw-p 00018000 08:01 2752541                    /lib/x86_64-linux-gnu/libresolv-2.19.so
7fa31673d000-7fa31673f000 rw-p 00000000 00:00 0 
7fa31673f000-7fa31675f000 r-xp 00000000 08:01 2756904                    /lib/x86_64-linux-gnu/libselinux.so.1
7fa31675f000-7fa31695e000 ---p 00020000 08:01 2756904                    /lib/x86_64-linux-gnu/libselinux.so.1
7fa31695e000-7fa31695f000 r--p 0001f000 08:01 2756904                    /lib/x86_64-linux-gnu/libselinux.so.1
7fa31695f000-7fa316960000 rw-p 00020000 08:01 2756904                    /lib/x86_64-linux-gnu/libselinux.so.1
7fa316960000-7fa316962000 rw-p 00000000 00:00 0 
7fa316962000-7fa316965000 r-xp 00000000 08:01 1975465                    /usr/lib/x86_64-linux-gnu/libgmodule-2.0.so.0.4002.0
7fa316965000-7fa316b64000 ---p 00003000 08:01 1975465                    /usr/lib/x86_64-linux-gnu/libgmodule-2.0.so.0.4002.0
7fa316b64000-7fa316b65000 r--p 00002000 08:01 1975465                    /usr/lib/x86_64-linux-gnu/libgmodule-2.0.so.0.4002.0
7fa316b65000-7fa316b66000 rw-p 00003000 08:01 1975465                    /usr/lib/x86_64-linux-gnu/libgmodule-2.0.so.0.4002.0
7fa316b66000-7fa316c6c000 r-xp 00000000 08:01 2756804                    /lib/x86_64-linux-gnu/libglib-2.0.so.0.4002.0
7fa316c6c000-7fa316e6b000 ---p 00106000 08:01 2756804                    /lib/x86_64-linux-gnu/libglib-2.0.so.0.4002.0
7fa316e6b000-7fa316e6c000 r--p 00105000 08:01 2756804                    /lib/x86_64-linux-gnu/libglib-2.0.so.0.4002.0
7fa316e6c000-7fa316e6d000 rw-p 00106000 08:01 2756804                    /lib/x86_64-linux-gnu/libglib-2.0.so.0.4002.0
7fa316e6d000-7fa316e6e000 rw-p 00000000 00:00 0 
7fa316e6e000-7fa316ebd000 r-xp 00000000 08:01 1975489                    /usr/lib/x86_64-linux-gnu/libgobject-2.0.so.0.4002.0
7fa316ebd000-7fa3170bd000 ---p 0004f000 08:01 1975489                    /usr/lib/x86_64-linux-gnu/libgobject-2.0.so.0.4002.0
7fa3170bd000-7fa3170be000 r--p 0004f000 08:01 1975489                    /usr/lib/x86_64-linux-gnu/libgobject-2.0.so.0.4002.0
7fa3170be000-7fa3170bf000 rw-p 00050000 08:01 1975489                    /usr/lib/x86_64-linux-gnu/libgobject-2.0.so.0.4002.0
7fa3170bf000-7fa31722b000 r-xp 00000000 08:01 1975449                    /usr/lib/x86_64-linux-gnu/libgio-2.0.so.0.4002.0
7fa31722b000-7fa31742a000 ---p 0016c000 08:01 1975449                    /usr/lib/x86_64-linux-gnu/libgio-2.0.so.0.4002.0
7fa31742a000-7fa31742e000 r--p 0016b000 08:01 1975449                    /usr/lib/x86_64-linux-gnu/libgio-2.0.so.0.4002.0
7fa31742e000-7fa317430000 rw-p 0016f000 08:01 1975449                    /usr/lib/x86_64-linux-gnu/libgio-2.0.so.0.4002.0
7fa317430000-7fa317432000 rw-p 00000000 00:00 0 
7fa317432000-7fa317449000 r-xp 00000000 08:01 2099720                    /usr/lib/jvm/java-7-openjdk-amd64/jre/lib/amd64/libnet.so
7fa317449000-7fa317648000 ---p 00017000 08:01 2099720                    /usr/lib/jvm/java-7-openjdk-amd64/jre/lib/amd64/libnet.so
7fa317648000-7fa317649000 r--p 00016000 08:01 2099720                    /usr/lib/jvm/java-7-openjdk-amd64/jre/lib/amd64/libnet.so
7fa317649000-7fa31764a000 rw-p 00017000 08:01 2099720                    /usr/lib/jvm/java-7-openjdk-amd64/jre/lib/amd64/libnet.so
7fa31764a000-7fa3176c2000 r-xp 00000000 08:01 2370557                    /usr/lib/x86_64-linux-gnu/nss/libfreebl3.so
7fa3176c2000-7fa3178c1000 ---p 00078000 08:01 2370557                    /usr/lib/x86_64-linux-gnu/nss/libfreebl3.so
7fa3178c1000-7fa3178c3000 r--p 00077000 08:01 2370557                    /usr/lib/x86_64-linux-gnu/nss/libfreebl3.so
7fa3178c3000-7fa3178c4000 rw-p 00079000 08:01 2370557                    /usr/lib/x86_64-linux-gnu/nss/libfreebl3.so
7fa3178c4000-7fa3178c8000 rw-p 00000000 00:00 0 
7fa3178c8000-7fa31797c000 r-xp 00000000 08:01 1966408                    /usr/lib/x86_64-linux-gnu/libsqlite3.so.0.8.6
7fa31797c000-7fa317b7c000 ---p 000b4000 08:01 1966408                    /usr/lib/x86_64-linux-gnu/libsqlite3.so.0.8.6
7fa317b7c000-7fa317b7e000 r--p 000b4000 08:01 1966408                    /usr/lib/x86_64-linux-gnu/libsqlite3.so.0.8.6
7fa317b7e000-7fa317b80000 rw-p 000b6000 08:01 1966408                    /usr/lib/x86_64-linux-gnu/libsqlite3.so.0.8.6
7fa317b80000-7fa317b81000 rw-p 00000000 00:00 0 
7fa317b81000-7fa317bc1000 r-xp 00000000 08:01 2370696                    /usr/lib/x86_64-linux-gnu/nss/libsoftokn3.so
7fa317bc1000-7fa317dc1000 ---p 00040000 08:01 2370696                    /usr/lib/x86_64-linux-gnu/nss/libsoftokn3.so
7fa317dc1000-7fa317dc2000 r--p 00040000 08:01 2370696                    /usr/lib/x86_64-linux-gnu/nss/libsoftokn3.so
7fa317dc2000-7fa317dc3000 rw-p 00041000 08:01 2370696                    /usr/lib/x86_64-linux-gnu/nss/libsoftokn3.so
7fa317dc3000-7fa317dfb000 r-xp 00000000 08:01 1975820                    /usr/lib/x86_64-linux-gnu/libnspr4.so
7fa317dfb000-7fa317ffb000 ---p 00038000 08:01 1975820                    /usr/lib/x86_64-linux-gnu/libnspr4.so
7fa317ffb000-7fa317ffc000 r--p 00038000 08:01 1975820                    /usr/lib/x86_64-linux-gnu/libnspr4.so
7fa317ffc000-7fa317ffd000 rw-p 00039000 08:01 1975820                    /usr/lib/x86_64-linux-gnu/libnspr4.so
7fa317ffd000-7fa318000000 rw-p 00000000 00:00 0 
7fa318000000-7fa318021000 rw-p 00000000 00:00 0 
7fa318021000-7fa31c000000 ---p 00000000 00:00 0 
7fa31c000000-7fa31c021000 rw-p 00000000 00:00 0 
7fa31c021000-7fa320000000 ---p 00000000 00:00 0 
7fa320000000-7fa321758000 rw-p 00000000 00:00 0 
7fa321758000-7fa324000000 ---p 00000000 00:00 0 
7fa324000000-7fa324611000 rw-p 00000000 00:00 0 
7fa324611000-7fa328000000 ---p 00000000 00:00 0 
7fa328000000-7fa328021000 rw-p 00000000 00:00 0 
7fa328021000-7fa32c000000 ---p 00000000 00:00 0 
7fa32c000000-7fa32c021000 rw-p 00000000 00:00 0 
7fa32c021000-7fa330000000 ---p 00000000 00:00 0 
7fa330000000-7fa330021000 rw-p 00000000 00:00 0 
7fa330021000-7fa334000000 ---p 00000000 00:00 0 
7fa334000000-7fa33424b000 rw-p 00000000 00:00 0 
7fa33424b000-7fa338000000 ---p 00000000 00:00 0 
7fa338000000-7fa338021000 rw-p 00000000 00:00 0 
7fa338021000-7fa33c000000 ---p 00000000 00:00 0 
7fa33c000000-7fa33c021000 rw-p 00000000 00:00 0 
7fa33c021000-7fa340000000 ---p 00000000 00:00 0 
7fa340000000-7fa340021000 rw-p 00000000 00:00 0 
7fa340021000-7fa344000000 ---p 00000000 00:00 0 
7fa344000000-7fa344021000 rw-p 00000000 00:00 0 
7fa344021000-7fa348000000 ---p 00000000 00:00 0 
7fa348000000-7fa348021000 rw-p 00000000 00:00 0 
7fa348021000-7fa34c000000 ---p 00000000 00:00 0 
7fa34c016000-7fa34c019000 ---p 00000000 00:00 0 
7fa34c019000-7fa34c117000 rw-p 00000000 00:00 0 
7fa34c117000-7fa34c11a000 r-xp 00000000 08:01 1975906                    /usr/lib/x86_64-linux-gnu/libplds4.so
7fa34c11a000-7fa34c319000 ---p 00003000 08:01 1975906                    /usr/lib/x86_64-linux-gnu/libplds4.so
7fa34c319000-7fa34c31a000 r--p 00002000 08:01 1975906                    /usr/lib/x86_64-linux-gnu/libplds4.so
7fa34c31a000-7fa34c31b000 rw-p 00003000 08:01 1975906                    /usr/lib/x86_64-linux-gnu/libplds4.so
7fa34c31b000-7fa34c31f000 r-xp 00000000 08:01 1975905                    /usr/lib/x86_64-linux-gnu/libplc4.so
7fa34c31f000-7fa34c51e000 ---p 00004000 08:01 1975905                    /usr/lib/x86_64-linux-gnu/libplc4.so
7fa34c51e000-7fa34c51f000 r--p 00003000 08:01 1975905                    /usr/lib/x86_64-linux-gnu/libplc4.so
7fa34c51f000-7fa34c520000 rw-p 00004000 08:01 1975905                    /usr/lib/x86_64-linux-gnu/libplc4.so
7fa34c520000-7fa34c545000 r-xp 00000000 08:01 1967123                    /usr/lib/x86_64-linux-gnu/libnssutil3.so
7fa34c545000-7fa34c744000 ---p 00025000 08:01 1967123                    /usr/lib/x86_64-linux-gnu/libnssutil3.so
7fa34c744000-7fa34c74a000 r--p 00024000 08:01 1967123                    /usr/lib/x86_64-linux-gnu/libnssutil3.so
7fa34c74a000-7fa34c74b000 rw-p 0002a000 08:01 1967123                    /usr/lib/x86_64-linux-gnu/libnssutil3.so
7fa34c74b000-7fa34c87e000 r-xp 00000000 08:01 1967543                    /usr/lib/x86_64-linux-gnu/libnss3.so
7fa34c87e000-7fa34ca7d000 ---p 00133000 08:01 1967543                    /usr/lib/x86_64-linux-gnu/libnss3.so
7fa34ca7d000-7fa34ca82000 r--p 00132000 08:01 1967543                    /usr/lib/x86_64-linux-gnu/libnss3.so
7fa34ca82000-7fa34ca84000 rw-p 00137000 08:01 1967543                    /usr/lib/x86_64-linux-gnu/libnss3.so
7fa34ca84000-7fa34ca85000 rw-p 00000000 00:00 0 
7fa34caa6000-7fa34cab6000 r-xp 00000000 08:01 2099713                    /usr/lib/jvm/java-7-openjdk-amd64/jre/lib/amd64/libj2pkcs11.so
7fa34cab6000-7fa34ccb5000 ---p 00010000 08:01 2099713                    /usr/lib/jvm/java-7-openjdk-amd64/jre/lib/amd64/libj2pkcs11.so
7fa34ccb5000-7fa34ccb6000 r--p 0000f000 08:01 2099713                    /usr/lib/jvm/java-7-openjdk-amd64/jre/lib/amd64/libj2pkcs11.so
7fa34ccb6000-7fa34ccb7000 rw-p 00010000 08:01 2099713                    /usr/lib/jvm/java-7-openjdk-amd64/jre/lib/amd64/libj2pkcs11.so
7fa34ccb7000-7fa34ccba000 r--s 00017000 08:01 2099527                    /usr/lib/jvm/java-7-openjdk-amd64/jre/lib/jce.jar
7fa34ccba000-7fa34ccbf000 r--s 0004d000 08:01 2099519                    /usr/lib/jvm/java-7-openjdk-amd64/jre/lib/jsse.jar
7fa34ccbf000-7fa34ccc9000 r--s 000ae000 08:01 2099515                    /usr/lib/jvm/java-7-openjdk-amd64/jre/lib/resources.jar
7fa34ccc9000-7fa34ccd2000 r--s 0006f000 08:02 2622328                    /home/matteo/.m2/repository/log4j/log4j/1.2.17/log4j-1.2.17.jar
7fa34ccd2000-7fa34cce6000 r--s 00173000 08:02 2369578                    /home/matteo/.m2/repository/org/apache/axis/axis/1.4/axis-1.4.jar
7fa34cce6000-7fa34ccea000 r--s 00013000 08:02 2369575                    /home/matteo/.m2/repository/org/scribe/scribe/1.3.5/scribe-1.3.5.jar
7fa34ccea000-7fa34cceb000 ---p 00000000 00:00 0 
7fa34cceb000-7fa34cdeb000 rw-p 00000000 00:00 0                          [stack:11376]
7fa34cdeb000-7fa34cdee000 ---p 00000000 00:00 0 
7fa34cdee000-7fa34ceec000 rw-p 00000000 00:00 0                          [stack:11375]
7fa34ceec000-7fa34ceef000 ---p 00000000 00:00 0 
7fa34ceef000-7fa34cfed000 rw-p 00000000 00:00 0                          [stack:11374]
7fa34cfed000-7fa34cff0000 ---p 00000000 00:00 0 
7fa34cff0000-7fa34d0ee000 rw-p 00000000 00:00 0                          [stack:11373]
7fa34d0ee000-7fa34d0f1000 ---p 00000000 00:00 0 
7fa34d0f1000-7fa34d1ef000 rw-p 00000000 00:00 0                          [stack:11370]
7fa34d1ef000-7fa34d1f2000 ---p 00000000 00:00 0 
7fa34d1f2000-7fa34d2f0000 rw-p 00000000 00:00 0                          [stack:11369]
7fa34d2f0000-7fa34d2f3000 ---p 00000000 00:00 0 
7fa34d2f3000-7fa34d3f1000 rw-p 00000000 00:00 0                          [stack:11366]
7fa34d3f1000-7fa34d3f5000 r-xp 00000000 08:01 2099723                    /usr/lib/jvm/java-7-openjdk-amd64/jre/lib/amd64/libdt_socket.so
7fa34d3f5000-7fa34d5f4000 ---p 00004000 08:01 2099723                    /usr/lib/jvm/java-7-openjdk-amd64/jre/lib/amd64/libdt_socket.so
7fa34d5f4000-7fa34d5f5000 r--p 00003000 08:01 2099723                    /usr/lib/jvm/java-7-openjdk-amd64/jre/lib/amd64/libdt_socket.so
7fa34d5f5000-7fa34d5f6000 rw-p 00004000 08:01 2099723                    /usr/lib/jvm/java-7-openjdk-amd64/jre/lib/amd64/libdt_socket.so
7fa34d5f6000-7fa34d5f9000 ---p 00000000 00:00 0 
7fa34d5f9000-7fa34d6f7000 rw-p 00000000 00:00 0                          [stack:11364]
7fa34d6f7000-7fa34d6fa000 ---p 00000000 00:00 0 
7fa34d6fa000-7fa34d7f8000 rw-p 00000000 00:00 0                          [stack:11362]
7fa34d7f8000-7fa34d7fb000 ---p 00000000 00:00 0 
7fa34d7fb000-7fa34d8f9000 rw-p 00000000 00:00 0                          [stack:11361]
7fa34d8f9000-7fa34d8fa000 ---p 00000000 00:00 0 
7fa34d8fa000-7fa34e3af000 rw-p 00000000 00:00 0                          [stack:11360]
7fa34e3af000-7fa34e560000 r--s 01d29000 08:01 2098698                    /usr/lib/jvm/java-7-openjdk-amd64/jre/lib/rt.jar
7fa34e560000-7fa350bc7000 rw-p 00000000 00:00 0 
7fa350bc7000-7fa350bc8000 ---p 00000000 00:00 0 
7fa350bc8000-7fa350cc8000 rw-p 00000000 00:00 0                          [stack:11359]
7fa350cc8000-7fa350cc9000 ---p 00000000 00:00 0 
7fa350cc9000-7fa350dd4000 rw-p 00000000 00:00 0                          [stack:11358]
7fa350dd4000-7fa350e1c000 rw-p 00000000 00:00 0 
7fa350e1c000-7fa350e30000 rw-p 00000000 00:00 0 
7fa350e30000-7fa350f5e000 rw-p 00000000 00:00 0 
7fa350f5e000-7fa350f69000 rw-p 00000000 00:00 0 
7fa350f69000-7fa350fff000 rw-p 00000000 00:00 0 
7fa350fff000-7fa351000000 rw-p 00000000 00:00 0 
7fa351000000-7fa351270000 rwxp 00000000 00:00 0 
7fa351270000-7fa354454000 rw-p 00000000 00:00 0 
7fa354454000-7fa358000000 ---p 00000000 00:00 0 
7fa358002000-7fa358008000 r--s 00042000 08:02 2625789                    /home/matteo/.m2/repository/com/flickr4java/flickr4java/2.13/flickr4java-2.13.jar
7fa358008000-7fa35803b000 rw-p 00000000 00:00 0 
7fa35803b000-7fa358083000 rw-p 00000000 00:00 0 
7fa358083000-7fa358097000 rw-p 00000000 00:00 0 
7fa358097000-7fa3581c5000 rw-p 00000000 00:00 0 
7fa3581c5000-7fa3581cd000 r-xp 00000000 08:01 2099694                    /usr/lib/jvm/java-7-openjdk-amd64/jre/lib/amd64/libzip.so
7fa3581cd000-7fa3583cc000 ---p 00008000 08:01 2099694                    /usr/lib/jvm/java-7-openjdk-amd64/jre/lib/amd64/libzip.so
7fa3583cc000-7fa3583cd000 r--p 00007000 08:01 2099694                    /usr/lib/jvm/java-7-openjdk-amd64/jre/lib/amd64/libzip.so
7fa3583cd000-7fa3583ce000 rw-p 00008000 08:01 2099694                    /usr/lib/jvm/java-7-openjdk-amd64/jre/lib/amd64/libzip.so
7fa3583ce000-7fa3583d9000 r-xp 00000000 08:01 2753502                    /lib/x86_64-linux-gnu/libnss_files-2.19.so
7fa3583d9000-7fa3585d8000 ---p 0000b000 08:01 2753502                    /lib/x86_64-linux-gnu/libnss_files-2.19.so
7fa3585d8000-7fa3585d9000 r--p 0000a000 08:01 2753502                    /lib/x86_64-linux-gnu/libnss_files-2.19.so
7fa3585d9000-7fa3585da000 rw-p 0000b000 08:01 2753502                    /lib/x86_64-linux-gnu/libnss_files-2.19.so
7fa3585da000-7fa3585e5000 r-xp 00000000 08:01 2753566                    /lib/x86_64-linux-gnu/libnss_nis-2.19.so
7fa3585e5000-7fa3587e4000 ---p 0000b000 08:01 2753566                    /lib/x86_64-linux-gnu/libnss_nis-2.19.so
7fa3587e4000-7fa3587e5000 r--p 0000a000 08:01 2753566                    /lib/x86_64-linux-gnu/libnss_nis-2.19.so
7fa3587e5000-7fa3587e6000 rw-p 0000b000 08:01 2753566                    /lib/x86_64-linux-gnu/libnss_nis-2.19.so
7fa3587e6000-7fa3587fd000 r-xp 00000000 08:01 2753524                    /lib/x86_64-linux-gnu/libnsl-2.19.so
7fa3587fd000-7fa3589fc000 ---p 00017000 08:01 2753524                    /lib/x86_64-linux-gnu/libnsl-2.19.so
7fa3589fc000-7fa3589fd000 r--p 00016000 08:01 2753524                    /lib/x86_64-linux-gnu/libnsl-2.19.so
7fa3589fd000-7fa3589fe000 rw-p 00017000 08:01 2753524                    /lib/x86_64-linux-gnu/libnsl-2.19.so
7fa3589fe000-7fa358a00000 rw-p 00000000 00:00 0 
7fa358a00000-7fa358a09000 r-xp 00000000 08:01 2753523                    /lib/x86_64-linux-gnu/libnss_compat-2.19.so
7fa358a09000-7fa358c08000 ---p 00009000 08:01 2753523                    /lib/x86_64-linux-gnu/libnss_compat-2.19.so
7fa358c08000-7fa358c09000 r--p 00008000 08:01 2753523                    /lib/x86_64-linux-gnu/libnss_compat-2.19.so
7fa358c09000-7fa358c0a000 rw-p 00009000 08:01 2753523                    /lib/x86_64-linux-gnu/libnss_compat-2.19.so
7fa358c0a000-7fa358ed5000 r--p 00000000 08:01 1973365                    /usr/lib/locale/locale-archive
7fa358ed5000-7fa358ed8000 r-xp 00000000 08:01 2099712                    /usr/lib/jvm/java-7-openjdk-amd64/jre/lib/amd64/libnpt.so
7fa358ed8000-7fa3590d7000 ---p 00003000 08:01 2099712                    /usr/lib/jvm/java-7-openjdk-amd64/jre/lib/amd64/libnpt.so
7fa3590d7000-7fa3590d8000 r--p 00002000 08:01 2099712                    /usr/lib/jvm/java-7-openjdk-amd64/jre/lib/amd64/libnpt.so
7fa3590d8000-7fa3590d9000 rw-p 00003000 08:01 2099712                    /usr/lib/jvm/java-7-openjdk-amd64/jre/lib/amd64/libnpt.so
7fa3590d9000-7fa359113000 r-xp 00000000 08:01 2099709                    /usr/lib/jvm/java-7-openjdk-amd64/jre/lib/amd64/libjdwp.so
7fa359113000-7fa359312000 ---p 0003a000 08:01 2099709                    /usr/lib/jvm/java-7-openjdk-amd64/jre/lib/amd64/libjdwp.so
7fa359312000-7fa359313000 r--p 00039000 08:01 2099709                    /usr/lib/jvm/java-7-openjdk-amd64/jre/lib/amd64/libjdwp.so
7fa359313000-7fa359314000 rw-p 0003a000 08:01 2099709                    /usr/lib/jvm/java-7-openjdk-amd64/jre/lib/amd64/libjdwp.so
7fa359314000-7fa35933f000 r-xp 00000000 08:01 2099728                    /usr/lib/jvm/java-7-openjdk-amd64/jre/lib/amd64/libjava.so
7fa35933f000-7fa35953e000 ---p 0002b000 08:01 2099728                    /usr/lib/jvm/java-7-openjdk-amd64/jre/lib/amd64/libjava.so
7fa35953e000-7fa35953f000 r--p 0002a000 08:01 2099728                    /usr/lib/jvm/java-7-openjdk-amd64/jre/lib/amd64/libjava.so
7fa35953f000-7fa359541000 rw-p 0002b000 08:01 2099728                    /usr/lib/jvm/java-7-openjdk-amd64/jre/lib/amd64/libjava.so
7fa359541000-7fa359551000 r-xp 00000000 08:01 2099710                    /usr/lib/jvm/java-7-openjdk-amd64/jre/lib/amd64/libverify.so
7fa359551000-7fa359750000 ---p 00010000 08:01 2099710                    /usr/lib/jvm/java-7-openjdk-amd64/jre/lib/amd64/libverify.so
7fa359750000-7fa359752000 r--p 0000f000 08:01 2099710                    /usr/lib/jvm/java-7-openjdk-amd64/jre/lib/amd64/libverify.so
7fa359752000-7fa359753000 rw-p 00011000 08:01 2099710                    /usr/lib/jvm/java-7-openjdk-amd64/jre/lib/amd64/libverify.so
7fa359753000-7fa35975a000 r-xp 00000000 08:01 2753563                    /lib/x86_64-linux-gnu/librt-2.19.so
7fa35975a000-7fa359959000 ---p 00007000 08:01 2753563                    /lib/x86_64-linux-gnu/librt-2.19.so
7fa359959000-7fa35995a000 r--p 00006000 08:01 2753563                    /lib/x86_64-linux-gnu/librt-2.19.so
7fa35995a000-7fa35995b000 rw-p 00007000 08:01 2753563                    /lib/x86_64-linux-gnu/librt-2.19.so
7fa35995b000-7fa359971000 r-xp 00000000 08:01 2756800                    /lib/x86_64-linux-gnu/libgcc_s.so.1
7fa359971000-7fa359b70000 ---p 00016000 08:01 2756800                    /lib/x86_64-linux-gnu/libgcc_s.so.1
7fa359b70000-7fa359b71000 rw-p 00015000 08:01 2756800                    /lib/x86_64-linux-gnu/libgcc_s.so.1
7fa359b71000-7fa359c76000 r-xp 00000000 08:01 2753501                    /lib/x86_64-linux-gnu/libm-2.19.so
7fa359c76000-7fa359e75000 ---p 00105000 08:01 2753501                    /lib/x86_64-linux-gnu/libm-2.19.so
7fa359e75000-7fa359e76000 r--p 00104000 08:01 2753501                    /lib/x86_64-linux-gnu/libm-2.19.so
7fa359e76000-7fa359e77000 rw-p 00105000 08:01 2753501                    /lib/x86_64-linux-gnu/libm-2.19.so
7fa359e77000-7fa359f5d000 r-xp 00000000 08:01 1971410                    /usr/lib/x86_64-linux-gnu/libstdc++.so.6.0.19
7fa359f5d000-7fa35a15c000 ---p 000e6000 08:01 1971410                    /usr/lib/x86_64-linux-gnu/libstdc++.so.6.0.19
7fa35a15c000-7fa35a164000 r--p 000e5000 08:01 1971410                    /usr/lib/x86_64-linux-gnu/libstdc++.so.6.0.19
7fa35a164000-7fa35a166000 rw-p 000ed000 08:01 1971410                    /usr/lib/x86_64-linux-gnu/libstdc++.so.6.0.19
7fa35a166000-7fa35a17b000 rw-p 00000000 00:00 0 
7fa35a17b000-7fa35ac94000 r-xp 00000000 08:01 2099698                    /usr/lib/jvm/java-7-openjdk-amd64/jre/lib/amd64/server/libjvm.so
7fa35ac94000-7fa35ae94000 ---p 00b19000 08:01 2099698                    /usr/lib/jvm/java-7-openjdk-amd64/jre/lib/amd64/server/libjvm.so
7fa35ae94000-7fa35af2e000 r--p 00b19000 08:01 2099698                    /usr/lib/jvm/java-7-openjdk-amd64/jre/lib/amd64/server/libjvm.so
7fa35af2e000-7fa35af51000 rw-p 00bb3000 08:01 2099698                    /usr/lib/jvm/java-7-openjdk-amd64/jre/lib/amd64/server/libjvm.so
7fa35af51000-7fa35af7f000 rw-p 00000000 00:00 0 
7fa35af7f000-7fa35af97000 r-xp 00000000 08:01 2756937                    /lib/x86_64-linux-gnu/libz.so.1.2.8
7fa35af97000-7fa35b196000 ---p 00018000 08:01 2756937                    /lib/x86_64-linux-gnu/libz.so.1.2.8
7fa35b196000-7fa35b197000 r--p 00017000 08:01 2756937                    /lib/x86_64-linux-gnu/libz.so.1.2.8
7fa35b197000-7fa35b198000 rw-p 00018000 08:01 2756937                    /lib/x86_64-linux-gnu/libz.so.1.2.8
7fa35b198000-7fa35b1b1000 r-xp 00000000 08:01 2753553                    /lib/x86_64-linux-gnu/libpthread-2.19.so
7fa35b1b1000-7fa35b3b0000 ---p 00019000 08:01 2753553                    /lib/x86_64-linux-gnu/libpthread-2.19.so
7fa35b3b0000-7fa35b3b1000 r--p 00018000 08:01 2753553                    /lib/x86_64-linux-gnu/libpthread-2.19.so
7fa35b3b1000-7fa35b3b2000 rw-p 00019000 08:01 2753553                    /lib/x86_64-linux-gnu/libpthread-2.19.so
7fa35b3b2000-7fa35b3b6000 rw-p 00000000 00:00 0 
7fa35b3b6000-7fa35b3b9000 r-xp 00000000 08:01 2753505                    /lib/x86_64-linux-gnu/libdl-2.19.so
7fa35b3b9000-7fa35b5b8000 ---p 00003000 08:01 2753505                    /lib/x86_64-linux-gnu/libdl-2.19.so
7fa35b5b8000-7fa35b5b9000 r--p 00002000 08:01 2753505                    /lib/x86_64-linux-gnu/libdl-2.19.so
7fa35b5b9000-7fa35b5ba000 rw-p 00003000 08:01 2753505                    /lib/x86_64-linux-gnu/libdl-2.19.so
7fa35b5ba000-7fa35b775000 r-xp 00000000 08:01 2753552                    /lib/x86_64-linux-gnu/libc-2.19.so
7fa35b775000-7fa35b974000 ---p 001bb000 08:01 2753552                    /lib/x86_64-linux-gnu/libc-2.19.so
7fa35b974000-7fa35b978000 r--p 001ba000 08:01 2753552                    /lib/x86_64-linux-gnu/libc-2.19.so
7fa35b978000-7fa35b97a000 rw-p 001be000 08:01 2753552                    /lib/x86_64-linux-gnu/libc-2.19.so
7fa35b97a000-7fa35b97f000 rw-p 00000000 00:00 0 
7fa35b97f000-7fa35b98c000 r-xp 00000000 08:01 2099696                    /usr/lib/jvm/java-7-openjdk-amd64/jre/lib/amd64/jli/libjli.so
7fa35b98c000-7fa35bb8b000 ---p 0000d000 08:01 2099696                    /usr/lib/jvm/java-7-openjdk-amd64/jre/lib/amd64/jli/libjli.so
7fa35bb8b000-7fa35bb8c000 r--p 0000c000 08:01 2099696                    /usr/lib/jvm/java-7-openjdk-amd64/jre/lib/amd64/jli/libjli.so
7fa35bb8c000-7fa35bb8d000 rw-p 0000d000 08:01 2099696                    /usr/lib/jvm/java-7-openjdk-amd64/jre/lib/amd64/jli/libjli.so
7fa35bb8d000-7fa35bbb0000 r-xp 00000000 08:01 2753528                    /lib/x86_64-linux-gnu/ld-2.19.so
7fa35bbb0000-7fa35bbb2000 rw-p 00000000 00:00 0 
7fa35bbb2000-7fa35bbb5000 r--s 0000f000 08:01 2099682                    /usr/lib/jvm/java-7-openjdk-amd64/jre/lib/ext/icedtea-sound.jar
7fa35bbb5000-7fa35bbb9000 r--s 00034000 08:01 2099680                    /usr/lib/jvm/java-7-openjdk-amd64/jre/lib/ext/sunjce_provider.jar
7fa35bbb9000-7fa35bbbb000 r--s 00012000 08:01 2099683                    /usr/lib/jvm/java-7-openjdk-amd64/jre/lib/ext/zipfs.jar
7fa35bbbb000-7fa35bbbd000 r--s 00006000 08:01 2368287                    /usr/share/java/java-atk-wrapper.jar
7fa35bbbd000-7fa35bbc1000 r--s 0003c000 08:01 2099681                    /usr/lib/jvm/java-7-openjdk-amd64/jre/lib/ext/sunpkcs11.jar
7fa35bbc1000-7fa35bbc2000 r--s 00002000 08:01 2099679                    /usr/lib/jvm/java-7-openjdk-amd64/jre/lib/ext/dnsns.jar
7fa35bbc2000-7fa35bbc6000 r--s 00085000 08:01 2099677                    /usr/lib/jvm/java-7-openjdk-amd64/jre/lib/ext/localedata.jar
7fa35bbc6000-7fa35bbd0000 rw-p 00000000 00:00 0 
7fa35bbd0000-7fa35bc86000 rw-p 00000000 00:00 0 
7fa35bc86000-7fa35bc89000 ---p 00000000 00:00 0 
7fa35bc89000-7fa35bda3000 rw-p 00000000 00:00 0                          [stack:11356]
7fa35bda3000-7fa35bdab000 rw-s 00000000 08:01 1190238                    /tmp/hsperfdata_matteo/11351
7fa35bdab000-7fa35bdac000 rw-p 00000000 00:00 0 
7fa35bdac000-7fa35bdad000 r--p 00000000 00:00 0 
7fa35bdad000-7fa35bdaf000 rw-p 00000000 00:00 0 
7fa35bdaf000-7fa35bdb0000 r--p 00022000 08:01 2753528                    /lib/x86_64-linux-gnu/ld-2.19.so
7fa35bdb0000-7fa35bdb1000 rw-p 00023000 08:01 2753528                    /lib/x86_64-linux-gnu/ld-2.19.so
7fa35bdb1000-7fa35bdb2000 rw-p 00000000 00:00 0 
7fff404c8000-7fff404e9000 rw-p 00000000 00:00 0                          [stack]
7fff405fe000-7fff40600000 r-xp 00000000 00:00 0                          [vdso]
ffffffffff600000-ffffffffff601000 r-xp 00000000 00:00 0                  [vsyscall]

VM Arguments:
jvm_args: -agentlib:jdwp=transport=dt_socket,suspend=y,address=localhost:39268 -Dfile.encoding=UTF-8 
java_command: SimpleSearch
Launcher Type: SUN_STANDARD

Environment Variables:
PATH=/usr/local/sbin:/usr/local/bin:/usr/sbin:/usr/bin:/sbin:/bin:/usr/games:/usr/local/games
USERNAME=matteo
SHELL=/bin/bash
DISPLAY=:0.0

Signal Handlers:
SIGSEGV: [libjvm.so+0x94bab0], sa_mask[0]=0x7ffbfeff, sa_flags=0x10000004
SIGBUS: [libjvm.so+0x94bab0], sa_mask[0]=0x7ffbfeff, sa_flags=0x10000004
SIGFPE: [libjvm.so+0x7c38b0], sa_mask[0]=0x7ffbfeff, sa_flags=0x10000004
SIGPIPE: SIG_IGN, sa_mask[0]=0x00000000, sa_flags=0x00000000
SIGXFSZ: [libjvm.so+0x7c38b0], sa_mask[0]=0x7ffbfeff, sa_flags=0x10000004
SIGILL: [libjvm.so+0x7c38b0], sa_mask[0]=0x7ffbfeff, sa_flags=0x10000004
SIGUSR1: SIG_DFL, sa_mask[0]=0x00000000, sa_flags=0x00000000
SIGUSR2: [libjvm.so+0x7c3750], sa_mask[0]=0x00000004, sa_flags=0x10000004
SIGHUP: [libjvm.so+0x7c3930], sa_mask[0]=0x7ffbfeff, sa_flags=0x10000004
SIGINT: [libjvm.so+0x7c3930], sa_mask[0]=0x7ffbfeff, sa_flags=0x10000004
SIGTERM: [libjvm.so+0x7c3930], sa_mask[0]=0x7ffbfeff, sa_flags=0x10000004
SIGQUIT: [libjvm.so+0x7c3930], sa_mask[0]=0x7ffbfeff, sa_flags=0x10000004
SIGTRAP: SIG_DFL, sa_mask[0]=0x00000000, sa_flags=0x00000000


---------------  S Y S T E M  ---------------

OS:LinuxMint 17.2 (rafaela)
uname:Linux 3.13.0-37-generic #64-Ubuntu SMP Mon Sep 22 21:28:38 UTC 2014 x86_64
libc:glibc 2.19 NPTL 2.19 
rlimit: STACK 8192k, CORE 0k, NPROC 30608, NOFILE 4096, AS infinity
load average:0,94 0,89 0,82

/proc/meminfo:
MemTotal:        3949060 kB
MemFree:          625564 kB
Buffers:           50348 kB
Cached:           790940 kB
SwapCached:       134872 kB
Active:          1659788 kB
Inactive:        1483376 kB
Active(anon):    1535748 kB
Inactive(anon):  1158244 kB
Active(file):     124040 kB
Inactive(file):   325132 kB
Unevictable:         108 kB
Mlocked:             108 kB
SwapTotal:       2010108 kB
SwapFree:        1054528 kB
Dirty:               284 kB
Writeback:             0 kB
AnonPages:       2195584 kB
Mapped:           354320 kB
Shmem:            391832 kB
Slab:              79784 kB
SReclaimable:      48716 kB
SUnreclaim:        31068 kB
KernelStack:        4760 kB
PageTables:        44108 kB
NFS_Unstable:          0 kB
Bounce:                0 kB
WritebackTmp:          0 kB
CommitLimit:     3984636 kB
Committed_AS:    7853384 kB
VmallocTotal:   34359738367 kB
VmallocUsed:      345872 kB
VmallocChunk:   34359386076 kB
HardwareCorrupted:     0 kB
AnonHugePages:    718848 kB
HugePages_Total:       0
HugePages_Free:        0
HugePages_Rsvd:        0
HugePages_Surp:        0
Hugepagesize:       2048 kB
DirectMap4k:       70976 kB
DirectMap2M:     4024320 kB


CPU:total 2 (2 cores per cpu, 1 threads per core) family 6 model 15 stepping 13, cmov, cx8, fxsr, mmx, sse, sse2, sse3, ssse3, tsc

/proc/cpuinfo:
processor	: 0
vendor_id	: GenuineIntel
cpu family	: 6
model		: 15
model name	: Intel(R) Pentium(R) Dual  CPU  T3400  @ 2.16GHz
stepping	: 13
microcode	: 0xa4
cpu MHz		: 2166.000
cache size	: 1024 KB
physical id	: 0
siblings	: 2
core id		: 0
cpu cores	: 2
apicid		: 0
initial apicid	: 0
fpu		: yes
fpu_exception	: yes
cpuid level	: 10
wp		: yes
flags		: fpu vme de pse tsc msr pae mce cx8 apic sep mtrr pge mca cmov pat pse36 clflush dts acpi mmx fxsr sse sse2 ss ht tm pbe syscall nx lm constant_tsc arch_perfmon pebs bts rep_good nopl aperfmperf pni dtes64 monitor ds_cpl est tm2 ssse3 cx16 xtpr pdcm lahf_lm dtherm
bogomips	: 4322.93
clflush size	: 64
cache_alignment	: 64
address sizes	: 36 bits physical, 48 bits virtual
power management:

processor	: 1
vendor_id	: GenuineIntel
cpu family	: 6
model		: 15
model name	: Intel(R) Pentium(R) Dual  CPU  T3400  @ 2.16GHz
stepping	: 13
microcode	: 0xa4
cpu MHz		: 1000.000
cache size	: 1024 KB
physical id	: 0
siblings	: 2
core id		: 1
cpu cores	: 2
apicid		: 1
initial apicid	: 1
fpu		: yes
fpu_exception	: yes
cpuid level	: 10
wp		: yes
flags		: fpu vme de pse tsc msr pae mce cx8 apic sep mtrr pge mca cmov pat pse36 clflush dts acpi mmx fxsr sse sse2 ss ht tm pbe syscall nx lm constant_tsc arch_perfmon pebs bts rep_good nopl aperfmperf pni dtes64 monitor ds_cpl est tm2 ssse3 cx16 xtpr pdcm lahf_lm dtherm
bogomips	: 4322.93
clflush size	: 64
cache_alignment	: 64
address sizes	: 36 bits physical, 48 bits virtual
power management:



Memory: 4k page, physical 3949060k(625564k free), swap 2010108k(1054528k free)

vm_info: OpenJDK 64-Bit Server VM (24.79-b02) for linux-amd64 JRE (1.7.0_79-b14), built on Jul 24 2015 08:15:54 by "buildd" with gcc 4.8.2

time: Fri Sep 11 16:43:07 2015
elapsed time: 3457 seconds

